/home/zuiken/Documents/ROS2_Navigation2_test/install/base_driver/lib/python3.12/site-packages/base_driver/static_tf_pub.py
/home/zuiken/Documents/ROS2_Navigation2_test/install/base_driver/lib/python3.12/site-packages/base_driver/driver.py
/home/zuiken/Documents/ROS2_Navigation2_test/install/base_driver/lib/python3.12/site-packages/base_driver/web_dashboard.py
/home/zuiken/Documents/ROS2_Navigation2_test/install/base_driver/lib/python3.12/site-packages/base_driver/__init__.py
/home/zuiken/Documents/ROS2_Navigation2_test/install/base_driver/lib/python3.12/site-packages/base_driver/encoder.py
/home/zuiken/Documents/ROS2_Navigation2_test/install/base_driver/lib/python3.12/site-packages/base_driver/__pycache__/static_tf_pub.cpython-312.pyc
/home/zuiken/Documents/ROS2_Navigation2_test/install/base_driver/lib/python3.12/site-packages/base_driver/__pycache__/driver.cpython-312.pyc
/home/zuiken/Documents/ROS2_Navigation2_test/install/base_driver/lib/python3.12/site-packages/base_driver/__pycache__/web_dashboard.cpython-312.pyc
/home/zuiken/Documents/ROS2_Navigation2_test/install/base_driver/lib/python3.12/site-packages/base_driver/__pycache__/__init__.cpython-312.pyc
/home/zuiken/Documents/ROS2_Navigation2_test/install/base_driver/lib/python3.12/site-packages/base_driver/__pycache__/encoder.cpython-312.pyc
/home/zuiken/Documents/ROS2_Navigation2_test/install/base_driver/share/ament_index/resource_index/packages/base_driver
/home/zuiken/Documents/ROS2_Navigation2_test/install/base_driver/share/base_driver/package.xml
/home/zuiken/Documents/ROS2_Navigation2_test/install/base_driver/share/base_driver/urdf/robot.urdf.xml
/home/zuiken/Documents/ROS2_Navigation2_test/install/base_driver/share/base_driver/config/nav2_params.yaml
/home/zuiken/Documents/ROS2_Navigation2_test/install/base_driver/share/base_driver/config/rviz2_config.rviz
/home/zuiken/Documents/ROS2_Navigation2_test/install/base_driver/share/base_driver/config/joy.yaml
/home/zuiken/Documents/ROS2_Navigation2_test/install/base_driver/share/base_driver/map/empty_map.yaml
/home/zuiken/Documents/ROS2_Navigation2_test/install/base_driver/share/base_driver/map/make_map.py
/home/zuiken/Documents/ROS2_Navigation2_test/install/base_driver/share/base_driver/map/my_map1.pgm
/home/zuiken/Documents/ROS2_Navigation2_test/install/base_driver/share/base_driver/map/empty_map.pgm
/home/zuiken/Documents/ROS2_Navigation2_test/install/base_driver/share/base_driver/web/style.css
/home/zuiken/Documents/ROS2_Navigation2_test/install/base_driver/share/base_driver/web/index.html
/home/zuiken/Documents/ROS2_Navigation2_test/install/base_driver/share/base_driver/web/app.js
/home/zuiken/Documents/ROS2_Navigation2_test/install/base_driver/share/base_driver/launch/bringup.launch.py
/home/zuiken/Documents/ROS2_Navigation2_test/install/base_driver/share/base_driver/launch/base_driver.launch.py
/home/zuiken/Documents/ROS2_Navigation2_test/install/base_driver/lib/python3.12/site-packages/base_driver-0.0.0-py3.12.egg-info/dependency_links.txt
/home/zuiken/Documents/ROS2_Navigation2_test/install/base_driver/lib/python3.12/site-packages/base_driver-0.0.0-py3.12.egg-info/PKG-INFO
/home/zuiken/Documents/ROS2_Navigation2_test/install/base_driver/lib/python3.12/site-packages/base_driver-0.0.0-py3.12.egg-info/entry_points.txt
/home/zuiken/Documents/ROS2_Navigation2_test/install/base_driver/lib/python3.12/site-packages/base_driver-0.0.0-py3.12.egg-info/top_level.txt
/home/zuiken/Documents/ROS2_Navigation2_test/install/base_driver/lib/python3.12/site-packages/base_driver-0.0.0-py3.12.egg-info/requires.txt
/home/zuiken/Documents/ROS2_Navigation2_test/install/base_driver/lib/python3.12/site-packages/base_driver-0.0.0-py3.12.egg-info/zip-safe
/home/zuiken/Documents/ROS2_Navigation2_test/install/base_driver/lib/python3.12/site-packages/base_driver-0.0.0-py3.12.egg-info/SOURCES.txt
/home/zuiken/Documents/ROS2_Navigation2_test/install/base_driver/lib/base_driver/base_driver
/home/zuiken/Documents/ROS2_Navigation2_test/install/base_driver/lib/base_driver/encoder_odom
/home/zuiken/Documents/ROS2_Navigation2_test/install/base_driver/lib/base_driver/static_tf_pub
/home/zuiken/Documents/ROS2_Navigation2_test/install/base_driver/lib/base_driver/web_dashboard
