running egg_info
creating ../../../build/base_driver/base_driver.egg-info
writing ../../../build/base_driver/base_driver.egg-info/PKG-INFO
writing dependency_links to ../../../build/base_driver/base_driver.egg-info/dependency_links.txt
writing entry points to ../../../build/base_driver/base_driver.egg-info/entry_points.txt
writing requirements to ../../../build/base_driver/base_driver.egg-info/requires.txt
writing top-level names to ../../../build/base_driver/base_driver.egg-info/top_level.txt
writing manifest file '../../../build/base_driver/base_driver.egg-info/SOURCES.txt'
reading manifest file '../../../build/base_driver/base_driver.egg-info/SOURCES.txt'
writing manifest file '../../../build/base_driver/base_driver.egg-info/SOURCES.txt'
running build
running build_py
creating /home/zuiken/Documents/ROS2_Navigation2_test/build/base_driver/build
creating /home/zuiken/Documents/ROS2_Navigation2_test/build/base_driver/build/lib
creating /home/zuiken/Documents/ROS2_Navigation2_test/build/base_driver/build/lib/base_driver
copying base_driver/static_tf_pub.py -> /home/zuiken/Documents/ROS2_Navigation2_test/build/base_driver/build/lib/base_driver
copying base_driver/driver.py -> /home/zuiken/Documents/ROS2_Navigation2_test/build/base_driver/build/lib/base_driver
copying base_driver/__init__.py -> /home/zuiken/Documents/ROS2_Navigation2_test/build/base_driver/build/lib/base_driver
copying base_driver/encoder.py -> /home/zuiken/Documents/ROS2_Navigation2_test/build/base_driver/build/lib/base_driver
running install
running install_lib
creating /home/zuiken/Documents/ROS2_Navigation2_test/install/base_driver/lib/python3.12/site-packages/base_driver
copying /home/zuiken/Documents/ROS2_Navigation2_test/build/base_driver/build/lib/base_driver/static_tf_pub.py -> /home/zuiken/Documents/ROS2_Navigation2_test/install/base_driver/lib/python3.12/site-packages/base_driver
copying /home/zuiken/Documents/ROS2_Navigation2_test/build/base_driver/build/lib/base_driver/driver.py -> /home/zuiken/Documents/ROS2_Navigation2_test/install/base_driver/lib/python3.12/site-packages/base_driver
copying /home/zuiken/Documents/ROS2_Navigation2_test/build/base_driver/build/lib/base_driver/__init__.py -> /home/zuiken/Documents/ROS2_Navigation2_test/install/base_driver/lib/python3.12/site-packages/base_driver
copying /home/zuiken/Documents/ROS2_Navigation2_test/build/base_driver/build/lib/base_driver/encoder.py -> /home/zuiken/Documents/ROS2_Navigation2_test/install/base_driver/lib/python3.12/site-packages/base_driver
byte-compiling /home/zuiken/Documents/ROS2_Navigation2_test/install/base_driver/lib/python3.12/site-packages/base_driver/static_tf_pub.py to static_tf_pub.cpython-312.pyc
byte-compiling /home/zuiken/Documents/ROS2_Navigation2_test/install/base_driver/lib/python3.12/site-packages/base_driver/driver.py to driver.cpython-312.pyc
byte-compiling /home/zuiken/Documents/ROS2_Navigation2_test/install/base_driver/lib/python3.12/site-packages/base_driver/__init__.py to __init__.cpython-312.pyc
byte-compiling /home/zuiken/Documents/ROS2_Navigation2_test/install/base_driver/lib/python3.12/site-packages/base_driver/encoder.py to encoder.cpython-312.pyc
running install_data
creating /home/zuiken/Documents/ROS2_Navigation2_test/install/base_driver/share/ament_index
creating /home/zuiken/Documents/ROS2_Navigation2_test/install/base_driver/share/ament_index/resource_index
creating /home/zuiken/Documents/ROS2_Navigation2_test/install/base_driver/share/ament_index/resource_index/packages
copying resource/base_driver -> /home/zuiken/Documents/ROS2_Navigation2_test/install/base_driver/share/ament_index/resource_index/packages
copying package.xml -> /home/zuiken/Documents/ROS2_Navigation2_test/install/base_driver/share/base_driver
creating /home/zuiken/Documents/ROS2_Navigation2_test/install/base_driver/share/base_driver/urdf
copying urdf/robot.urdf.xml -> /home/zuiken/Documents/ROS2_Navigation2_test/install/base_driver/share/base_driver/urdf
creating /home/zuiken/Documents/ROS2_Navigation2_test/install/base_driver/share/base_driver/config
copying config/nav2_params.yaml -> /home/zuiken/Documents/ROS2_Navigation2_test/install/base_driver/share/base_driver/config
creating /home/zuiken/Documents/ROS2_Navigation2_test/install/base_driver/share/base_driver/map
copying map/empty_map.yaml -> /home/zuiken/Documents/ROS2_Navigation2_test/install/base_driver/share/base_driver/map
copying map/empty_map.pgm -> /home/zuiken/Documents/ROS2_Navigation2_test/install/base_driver/share/base_driver/map
creating /home/zuiken/Documents/ROS2_Navigation2_test/install/base_driver/share/base_driver/launch
copying launch/bringup.launch.py -> /home/zuiken/Documents/ROS2_Navigation2_test/install/base_driver/share/base_driver/launch
copying launch/base_driver.launch.py -> /home/zuiken/Documents/ROS2_Navigation2_test/install/base_driver/share/base_driver/launch
running install_egg_info
Copying ../../../build/base_driver/base_driver.egg-info to /home/zuiken/Documents/ROS2_Navigation2_test/install/base_driver/lib/python3.12/site-packages/base_driver-0.0.0-py3.12.egg-info
running install_scripts
Installing base_driver script to /home/zuiken/Documents/ROS2_Navigation2_test/install/base_driver/lib/base_driver
Installing encoder_odom script to /home/zuiken/Documents/ROS2_Navigation2_test/install/base_driver/lib/base_driver
Installing static_tf_pub script to /home/zuiken/Documents/ROS2_Navigation2_test/install/base_driver/lib/base_driver
writing list of installed files to '/home/zuiken/Documents/ROS2_Navigation2_test/build/base_driver/install.log'
