[2.016s] Invoking command in '/home/zuiken/Documents/ROS2_Navigation2_test/ros2_ws/src/base_driver': DEBUGINFOD_URLS=https://debuginfod.ubuntu.com PYTHONPATH=/home/zuiken/Documents/ROS2_Navigation2_test/build/base_driver/prefix_override:/usr/lib/python3/dist-packages/colcon_core/task/python/colcon_distutils_commands:/home/zuiken/Documents/ROS2_Navigation2_test/install/base_driver/lib/python3.12/site-packages:${PYTHONPATH} /usr/bin/python3 -W ignore:setup.py install is deprecated -W ignore:easy_install command is deprecated setup.py egg_info --egg-base ../../../build/base_driver build --build-base /home/zuiken/Documents/ROS2_Navigation2_test/build/base_driver/build install --record /home/zuiken/Documents/ROS2_Navigation2_test/build/base_driver/install.log --single-version-externally-managed install_data
[2.477s] running egg_info
[2.477s] creating ../../../build/base_driver/base_driver.egg-info
[2.515s] writing ../../../build/base_driver/base_driver.egg-info/PKG-INFO
[2.515s] writing dependency_links to ../../../build/base_driver/base_driver.egg-info/dependency_links.txt
[2.515s] writing entry points to ../../../build/base_driver/base_driver.egg-info/entry_points.txt
[2.515s] writing requirements to ../../../build/base_driver/base_driver.egg-info/requires.txt
[2.515s] writing top-level names to ../../../build/base_driver/base_driver.egg-info/top_level.txt
[2.516s] writing manifest file '../../../build/base_driver/base_driver.egg-info/SOURCES.txt'
[2.592s] reading manifest file '../../../build/base_driver/base_driver.egg-info/SOURCES.txt'
[2.593s] writing manifest file '../../../build/base_driver/base_driver.egg-info/SOURCES.txt'
[2.593s] running build
[2.593s] running build_py
[2.594s] creating /home/zuiken/Documents/ROS2_Navigation2_test/build/base_driver/build
[2.594s] creating /home/zuiken/Documents/ROS2_Navigation2_test/build/base_driver/build/lib
[2.594s] creating /home/zuiken/Documents/ROS2_Navigation2_test/build/base_driver/build/lib/base_driver
[2.594s] copying base_driver/static_tf_pub.py -> /home/zuiken/Documents/ROS2_Navigation2_test/build/base_driver/build/lib/base_driver
[2.595s] copying base_driver/driver.py -> /home/zuiken/Documents/ROS2_Navigation2_test/build/base_driver/build/lib/base_driver
[2.595s] copying base_driver/__init__.py -> /home/zuiken/Documents/ROS2_Navigation2_test/build/base_driver/build/lib/base_driver
[2.595s] copying base_driver/encoder.py -> /home/zuiken/Documents/ROS2_Navigation2_test/build/base_driver/build/lib/base_driver
[2.596s] running install
[2.605s] running install_lib
[2.645s] creating /home/zuiken/Documents/ROS2_Navigation2_test/install/base_driver/lib/python3.12/site-packages/base_driver
[2.645s] copying /home/zuiken/Documents/ROS2_Navigation2_test/build/base_driver/build/lib/base_driver/static_tf_pub.py -> /home/zuiken/Documents/ROS2_Navigation2_test/install/base_driver/lib/python3.12/site-packages/base_driver
[2.646s] copying /home/zuiken/Documents/ROS2_Navigation2_test/build/base_driver/build/lib/base_driver/driver.py -> /home/zuiken/Documents/ROS2_Navigation2_test/install/base_driver/lib/python3.12/site-packages/base_driver
[2.646s] copying /home/zuiken/Documents/ROS2_Navigation2_test/build/base_driver/build/lib/base_driver/__init__.py -> /home/zuiken/Documents/ROS2_Navigation2_test/install/base_driver/lib/python3.12/site-packages/base_driver
[2.646s] copying /home/zuiken/Documents/ROS2_Navigation2_test/build/base_driver/build/lib/base_driver/encoder.py -> /home/zuiken/Documents/ROS2_Navigation2_test/install/base_driver/lib/python3.12/site-packages/base_driver
[2.647s] byte-compiling /home/zuiken/Documents/ROS2_Navigation2_test/install/base_driver/lib/python3.12/site-packages/base_driver/static_tf_pub.py to static_tf_pub.cpython-312.pyc
[2.647s] byte-compiling /home/zuiken/Documents/ROS2_Navigation2_test/install/base_driver/lib/python3.12/site-packages/base_driver/driver.py to driver.cpython-312.pyc
[2.649s] byte-compiling /home/zuiken/Documents/ROS2_Navigation2_test/install/base_driver/lib/python3.12/site-packages/base_driver/__init__.py to __init__.cpython-312.pyc
[2.649s] byte-compiling /home/zuiken/Documents/ROS2_Navigation2_test/install/base_driver/lib/python3.12/site-packages/base_driver/encoder.py to encoder.cpython-312.pyc
[2.651s] running install_data
[2.651s] creating /home/zuiken/Documents/ROS2_Navigation2_test/install/base_driver/share/ament_index
[2.651s] creating /home/zuiken/Documents/ROS2_Navigation2_test/install/base_driver/share/ament_index/resource_index
[2.651s] creating /home/zuiken/Documents/ROS2_Navigation2_test/install/base_driver/share/ament_index/resource_index/packages
[2.651s] copying resource/base_driver -> /home/zuiken/Documents/ROS2_Navigation2_test/install/base_driver/share/ament_index/resource_index/packages
[2.651s] copying package.xml -> /home/zuiken/Documents/ROS2_Navigation2_test/install/base_driver/share/base_driver
[2.651s] creating /home/zuiken/Documents/ROS2_Navigation2_test/install/base_driver/share/base_driver/urdf
[2.652s] copying urdf/robot.urdf.xml -> /home/zuiken/Documents/ROS2_Navigation2_test/install/base_driver/share/base_driver/urdf
[2.652s] creating /home/zuiken/Documents/ROS2_Navigation2_test/install/base_driver/share/base_driver/config
[2.652s] copying config/nav2_params.yaml -> /home/zuiken/Documents/ROS2_Navigation2_test/install/base_driver/share/base_driver/config
[2.653s] creating /home/zuiken/Documents/ROS2_Navigation2_test/install/base_driver/share/base_driver/map
[2.653s] copying map/empty_map.yaml -> /home/zuiken/Documents/ROS2_Navigation2_test/install/base_driver/share/base_driver/map
[2.654s] copying map/empty_map.pgm -> /home/zuiken/Documents/ROS2_Navigation2_test/install/base_driver/share/base_driver/map
[2.655s] creating /home/zuiken/Documents/ROS2_Navigation2_test/install/base_driver/share/base_driver/launch
[2.655s] copying launch/bringup.launch.py -> /home/zuiken/Documents/ROS2_Navigation2_test/install/base_driver/share/base_driver/launch
[2.655s] copying launch/base_driver.launch.py -> /home/zuiken/Documents/ROS2_Navigation2_test/install/base_driver/share/base_driver/launch
[2.656s] running install_egg_info
[2.697s] Copying ../../../build/base_driver/base_driver.egg-info to /home/zuiken/Documents/ROS2_Navigation2_test/install/base_driver/lib/python3.12/site-packages/base_driver-0.0.0-py3.12.egg-info
[2.698s] running install_scripts
[2.943s] Installing base_driver script to /home/zuiken/Documents/ROS2_Navigation2_test/install/base_driver/lib/base_driver
[2.943s] Installing encoder_odom script to /home/zuiken/Documents/ROS2_Navigation2_test/install/base_driver/lib/base_driver
[2.943s] Installing static_tf_pub script to /home/zuiken/Documents/ROS2_Navigation2_test/install/base_driver/lib/base_driver
[2.944s] writing list of installed files to '/home/zuiken/Documents/ROS2_Navigation2_test/build/base_driver/install.log'
[3.041s] Invoked command in '/home/zuiken/Documents/ROS2_Navigation2_test/ros2_ws/src/base_driver' returned '0': DEBUGINFOD_URLS=https://debuginfod.ubuntu.com PYTHONPATH=/home/zuiken/Documents/ROS2_Navigation2_test/build/base_driver/prefix_override:/usr/lib/python3/dist-packages/colcon_core/task/python/colcon_distutils_commands:/home/zuiken/Documents/ROS2_Navigation2_test/install/base_driver/lib/python3.12/site-packages:${PYTHONPATH} /usr/bin/python3 -W ignore:setup.py install is deprecated -W ignore:easy_install command is deprecated setup.py egg_info --egg-base ../../../build/base_driver build --build-base /home/zuiken/Documents/ROS2_Navigation2_test/build/base_driver/build install --record /home/zuiken/Documents/ROS2_Navigation2_test/build/base_driver/install.log --single-version-externally-managed install_data
