[0.163s] DEBUG:colcon:Command line arguments: ['/usr/bin/colcon', 'build']
[0.164s] DEBUG:colcon:Parsed command line arguments: Namespace(log_base=None, log_level=None, verb_name='build', build_base='build', install_base='install', merge_install=False, symlink_install=False, test_result_base=None, continue_on_error=False, executor='parallel', parallel_workers=4, event_handlers=None, ignore_user_meta=False, metas=['./colcon.meta'], base_paths=['.'], packages_ignore=None, packages_ignore_regex=None, paths=None, packages_up_to=None, packages_up_to_regex=None, packages_above=None, packages_above_and_dependencies=None, packages_above_depth=None, packages_select_by_dep=None, packages_skip_by_dep=None, packages_skip_up_to=None, packages_select_build_failed=False, packages_skip_build_finished=False, packages_select_test_failures=False, packages_skip_test_passed=False, packages_select=None, packages_skip=None, packages_select_regex=None, packages_skip_regex=None, packages_start=None, packages_end=None, allow_overriding=[], cmake_args=None, cmake_target=None, cmake_target_skip_unavailable=False, cmake_clean_cache=False, cmake_clean_first=False, cmake_force_configure=False, ament_cmake_args=None, catkin_cmake_args=None, catkin_skip_building_tests=False, mixin_files=None, mixin=None, verb_parser=<colcon_mixin.mixin.mixin_argument.MixinArgumentDecorator object at 0xffff9e0d31a0>, verb_extension=<colcon_core.verb.build.BuildVerb object at 0xffff9e0d2f30>, main=<bound method BuildVerb.main of <colcon_core.verb.build.BuildVerb object at 0xffff9e0d2f30>>, mixin_verb=('build',))
[0.222s] Level 1:colcon.colcon_core.package_discovery:discover_packages(colcon_meta) check parameters
[0.223s] Level 1:colcon.colcon_core.package_discovery:discover_packages(recursive) check parameters
[0.223s] Level 1:colcon.colcon_core.package_discovery:discover_packages(ignore) check parameters
[0.223s] Level 1:colcon.colcon_core.package_discovery:discover_packages(path) check parameters
[0.223s] Level 1:colcon.colcon_core.package_discovery:discover_packages(colcon_meta) discover
[0.223s] Level 1:colcon.colcon_core.package_discovery:discover_packages(recursive) discover
[0.223s] INFO:colcon.colcon_core.package_discovery:Crawling recursively for packages in '/home/zuiken/Documents/ROS2_Navigation2_test'
[0.223s] Level 1:colcon.colcon_core.package_identification:_identify(.) by extensions ['ignore', 'ignore_ament_install']
[0.223s] Level 1:colcon.colcon_core.package_identification:_identify(.) by extension 'ignore'
[0.223s] Level 1:colcon.colcon_core.package_identification:_identify(.) by extension 'ignore_ament_install'
[0.223s] Level 1:colcon.colcon_core.package_identification:_identify(.) by extensions ['colcon_pkg']
[0.223s] Level 1:colcon.colcon_core.package_identification:_identify(.) by extension 'colcon_pkg'
[0.223s] Level 1:colcon.colcon_core.package_identification:_identify(.) by extensions ['colcon_meta']
[0.223s] Level 1:colcon.colcon_core.package_identification:_identify(.) by extension 'colcon_meta'
[0.224s] Level 1:colcon.colcon_core.package_identification:_identify(.) by extensions ['ros']
[0.224s] Level 1:colcon.colcon_core.package_identification:_identify(.) by extension 'ros'
[0.261s] Level 1:colcon.colcon_core.package_identification:_identify(.) by extensions ['cmake', 'python']
[0.261s] Level 1:colcon.colcon_core.package_identification:_identify(.) by extension 'cmake'
[0.261s] Level 1:colcon.colcon_core.package_identification:_identify(.) by extension 'python'
[0.261s] Level 1:colcon.colcon_core.package_identification:_identify(.) by extensions ['python_setup_py']
[0.261s] Level 1:colcon.colcon_core.package_identification:_identify(.) by extension 'python_setup_py'
[0.262s] Level 1:colcon.colcon_core.package_identification:_identify(build) by extensions ['ignore', 'ignore_ament_install']
[0.262s] Level 1:colcon.colcon_core.package_identification:_identify(build) by extension 'ignore'
[0.262s] Level 1:colcon.colcon_core.package_identification:_identify(build) ignored
[0.262s] Level 1:colcon.colcon_core.package_identification:_identify(install) by extensions ['ignore', 'ignore_ament_install']
[0.262s] Level 1:colcon.colcon_core.package_identification:_identify(install) by extension 'ignore'
[0.262s] Level 1:colcon.colcon_core.package_identification:_identify(install) ignored
[0.262s] Level 1:colcon.colcon_core.package_identification:_identify(log) by extensions ['ignore', 'ignore_ament_install']
[0.262s] Level 1:colcon.colcon_core.package_identification:_identify(log) by extension 'ignore'
[0.262s] Level 1:colcon.colcon_core.package_identification:_identify(log) ignored
[0.263s] Level 1:colcon.colcon_core.package_identification:_identify(ros2_ws) by extensions ['ignore', 'ignore_ament_install']
[0.263s] Level 1:colcon.colcon_core.package_identification:_identify(ros2_ws) by extension 'ignore'
[0.263s] Level 1:colcon.colcon_core.package_identification:_identify(ros2_ws) by extension 'ignore_ament_install'
[0.263s] Level 1:colcon.colcon_core.package_identification:_identify(ros2_ws) by extensions ['colcon_pkg']
[0.263s] Level 1:colcon.colcon_core.package_identification:_identify(ros2_ws) by extension 'colcon_pkg'
[0.263s] Level 1:colcon.colcon_core.package_identification:_identify(ros2_ws) by extensions ['colcon_meta']
[0.263s] Level 1:colcon.colcon_core.package_identification:_identify(ros2_ws) by extension 'colcon_meta'
[0.263s] Level 1:colcon.colcon_core.package_identification:_identify(ros2_ws) by extensions ['ros']
[0.263s] Level 1:colcon.colcon_core.package_identification:_identify(ros2_ws) by extension 'ros'
[0.263s] Level 1:colcon.colcon_core.package_identification:_identify(ros2_ws) by extensions ['cmake', 'python']
[0.263s] Level 1:colcon.colcon_core.package_identification:_identify(ros2_ws) by extension 'cmake'
[0.263s] Level 1:colcon.colcon_core.package_identification:_identify(ros2_ws) by extension 'python'
[0.263s] Level 1:colcon.colcon_core.package_identification:_identify(ros2_ws) by extensions ['python_setup_py']
[0.263s] Level 1:colcon.colcon_core.package_identification:_identify(ros2_ws) by extension 'python_setup_py'
[0.263s] Level 1:colcon.colcon_core.package_identification:_identify(ros2_ws/build) by extensions ['ignore', 'ignore_ament_install']
[0.263s] Level 1:colcon.colcon_core.package_identification:_identify(ros2_ws/build) by extension 'ignore'
[0.263s] Level 1:colcon.colcon_core.package_identification:_identify(ros2_ws/build) ignored
[0.264s] Level 1:colcon.colcon_core.package_identification:_identify(ros2_ws/install) by extensions ['ignore', 'ignore_ament_install']
[0.264s] Level 1:colcon.colcon_core.package_identification:_identify(ros2_ws/install) by extension 'ignore'
[0.264s] Level 1:colcon.colcon_core.package_identification:_identify(ros2_ws/install) ignored
[0.264s] Level 1:colcon.colcon_core.package_identification:_identify(ros2_ws/log) by extensions ['ignore', 'ignore_ament_install']
[0.264s] Level 1:colcon.colcon_core.package_identification:_identify(ros2_ws/log) by extension 'ignore'
[0.264s] Level 1:colcon.colcon_core.package_identification:_identify(ros2_ws/log) ignored
[0.264s] Level 1:colcon.colcon_core.package_identification:_identify(ros2_ws/src) by extensions ['ignore', 'ignore_ament_install']
[0.264s] Level 1:colcon.colcon_core.package_identification:_identify(ros2_ws/src) by extension 'ignore'
[0.264s] Level 1:colcon.colcon_core.package_identification:_identify(ros2_ws/src) by extension 'ignore_ament_install'
[0.264s] Level 1:colcon.colcon_core.package_identification:_identify(ros2_ws/src) by extensions ['colcon_pkg']
[0.264s] Level 1:colcon.colcon_core.package_identification:_identify(ros2_ws/src) by extension 'colcon_pkg'
[0.264s] Level 1:colcon.colcon_core.package_identification:_identify(ros2_ws/src) by extensions ['colcon_meta']
[0.264s] Level 1:colcon.colcon_core.package_identification:_identify(ros2_ws/src) by extension 'colcon_meta'
[0.264s] Level 1:colcon.colcon_core.package_identification:_identify(ros2_ws/src) by extensions ['ros']
[0.264s] Level 1:colcon.colcon_core.package_identification:_identify(ros2_ws/src) by extension 'ros'
[0.264s] Level 1:colcon.colcon_core.package_identification:_identify(ros2_ws/src) by extensions ['cmake', 'python']
[0.265s] Level 1:colcon.colcon_core.package_identification:_identify(ros2_ws/src) by extension 'cmake'
[0.265s] Level 1:colcon.colcon_core.package_identification:_identify(ros2_ws/src) by extension 'python'
[0.265s] Level 1:colcon.colcon_core.package_identification:_identify(ros2_ws/src) by extensions ['python_setup_py']
[0.265s] Level 1:colcon.colcon_core.package_identification:_identify(ros2_ws/src) by extension 'python_setup_py'
[0.265s] Level 1:colcon.colcon_core.package_identification:_identify(ros2_ws/src/base_driver) by extensions ['ignore', 'ignore_ament_install']
[0.265s] Level 1:colcon.colcon_core.package_identification:_identify(ros2_ws/src/base_driver) by extension 'ignore'
[0.265s] Level 1:colcon.colcon_core.package_identification:_identify(ros2_ws/src/base_driver) by extension 'ignore_ament_install'
[0.265s] Level 1:colcon.colcon_core.package_identification:_identify(ros2_ws/src/base_driver) by extensions ['colcon_pkg']
[0.265s] Level 1:colcon.colcon_core.package_identification:_identify(ros2_ws/src/base_driver) by extension 'colcon_pkg'
[0.265s] Level 1:colcon.colcon_core.package_identification:_identify(ros2_ws/src/base_driver) by extensions ['colcon_meta']
[0.265s] Level 1:colcon.colcon_core.package_identification:_identify(ros2_ws/src/base_driver) by extension 'colcon_meta'
[0.265s] Level 1:colcon.colcon_core.package_identification:_identify(ros2_ws/src/base_driver) by extensions ['ros']
[0.265s] Level 1:colcon.colcon_core.package_identification:_identify(ros2_ws/src/base_driver) by extension 'ros'
[0.269s] DEBUG:colcon.colcon_core.package_identification:Package 'ros2_ws/src/base_driver' with type 'ros.ament_python' and name 'base_driver'
[0.269s] Level 1:colcon.colcon_core.package_identification:_identify(ros2_ws/src/build) by extensions ['ignore', 'ignore_ament_install']
[0.269s] Level 1:colcon.colcon_core.package_identification:_identify(ros2_ws/src/build) by extension 'ignore'
[0.269s] Level 1:colcon.colcon_core.package_identification:_identify(ros2_ws/src/build) ignored
[0.269s] Level 1:colcon.colcon_core.package_identification:_identify(ros2_ws/src/install) by extensions ['ignore', 'ignore_ament_install']
[0.269s] Level 1:colcon.colcon_core.package_identification:_identify(ros2_ws/src/install) by extension 'ignore'
[0.269s] Level 1:colcon.colcon_core.package_identification:_identify(ros2_ws/src/install) ignored
[0.270s] Level 1:colcon.colcon_core.package_identification:_identify(ros2_ws/src/log) by extensions ['ignore', 'ignore_ament_install']
[0.270s] Level 1:colcon.colcon_core.package_identification:_identify(ros2_ws/src/log) by extension 'ignore'
[0.270s] Level 1:colcon.colcon_core.package_identification:_identify(ros2_ws/src/log) ignored
[0.270s] Level 1:colcon.colcon_core.package_discovery:discover_packages(recursive) using defaults
[0.270s] Level 1:colcon.colcon_core.package_discovery:discover_packages(ignore) discover
[0.270s] Level 1:colcon.colcon_core.package_discovery:discover_packages(ignore) using defaults
[0.270s] Level 1:colcon.colcon_core.package_discovery:discover_packages(path) discover
[0.270s] Level 1:colcon.colcon_core.package_discovery:discover_packages(path) using defaults
[0.293s] Level 1:colcon.colcon_core.package_discovery:discover_packages(prefix_path) check parameters
[0.294s] Level 1:colcon.colcon_core.package_discovery:discover_packages(prefix_path) discover
[0.298s] DEBUG:colcon.colcon_installed_package_information.package_discovery:Found 487 installed packages in /opt/ros/jazzy
[0.302s] Level 1:colcon.colcon_core.package_discovery:discover_packages(prefix_path) using defaults
[0.393s] Level 5:colcon.colcon_core.verb:set package 'base_driver' build argument 'cmake_args' from command line to 'None'
[0.393s] Level 5:colcon.colcon_core.verb:set package 'base_driver' build argument 'cmake_target' from command line to 'None'
[0.393s] Level 5:colcon.colcon_core.verb:set package 'base_driver' build argument 'cmake_target_skip_unavailable' from command line to 'False'
[0.393s] Level 5:colcon.colcon_core.verb:set package 'base_driver' build argument 'cmake_clean_cache' from command line to 'False'
[0.393s] Level 5:colcon.colcon_core.verb:set package 'base_driver' build argument 'cmake_clean_first' from command line to 'False'
[0.393s] Level 5:colcon.colcon_core.verb:set package 'base_driver' build argument 'cmake_force_configure' from command line to 'False'
[0.393s] Level 5:colcon.colcon_core.verb:set package 'base_driver' build argument 'ament_cmake_args' from command line to 'None'
[0.393s] Level 5:colcon.colcon_core.verb:set package 'base_driver' build argument 'catkin_cmake_args' from command line to 'None'
[0.393s] Level 5:colcon.colcon_core.verb:set package 'base_driver' build argument 'catkin_skip_building_tests' from command line to 'False'
[0.393s] DEBUG:colcon.colcon_core.verb:Building package 'base_driver' with the following arguments: {'ament_cmake_args': None, 'build_base': '/home/zuiken/Documents/ROS2_Navigation2_test/build/base_driver', 'catkin_cmake_args': None, 'catkin_skip_building_tests': False, 'cmake_args': None, 'cmake_clean_cache': False, 'cmake_clean_first': False, 'cmake_force_configure': False, 'cmake_target': None, 'cmake_target_skip_unavailable': False, 'install_base': '/home/zuiken/Documents/ROS2_Navigation2_test/install/base_driver', 'merge_install': False, 'path': '/home/zuiken/Documents/ROS2_Navigation2_test/ros2_ws/src/base_driver', 'symlink_install': False, 'test_result_base': None}
[0.393s] INFO:colcon.colcon_core.executor:Executing jobs using 'parallel' executor
[0.395s] DEBUG:colcon.colcon_parallel_executor.executor.parallel:run_until_complete
[0.395s] INFO:colcon.colcon_ros.task.ament_python.build:Building ROS package in '/home/zuiken/Documents/ROS2_Navigation2_test/ros2_ws/src/base_driver' with build type 'ament_python'
[0.395s] Level 1:colcon.colcon_core.shell:create_environment_hook('base_driver', 'ament_prefix_path')
[0.399s] INFO:colcon.colcon_core.plugin_system:Skipping extension 'colcon_core.shell.bat': Not used on non-Windows systems
[0.399s] INFO:colcon.colcon_core.shell:Creating environment hook '/home/zuiken/Documents/ROS2_Navigation2_test/install/base_driver/share/base_driver/hook/ament_prefix_path.ps1'
[0.403s] INFO:colcon.colcon_core.shell:Creating environment descriptor '/home/zuiken/Documents/ROS2_Navigation2_test/install/base_driver/share/base_driver/hook/ament_prefix_path.dsv'
[0.406s] INFO:colcon.colcon_core.shell:Creating environment hook '/home/zuiken/Documents/ROS2_Navigation2_test/install/base_driver/share/base_driver/hook/ament_prefix_path.sh'
[0.409s] INFO:colcon.colcon_core.shell:Skip shell extension 'powershell' for command environment: Not usable outside of PowerShell
[0.409s] DEBUG:colcon.colcon_core.shell:Skip shell extension 'dsv' for command environment
[0.886s] INFO:colcon.colcon_core.task.python.build:Building Python package in '/home/zuiken/Documents/ROS2_Navigation2_test/ros2_ws/src/base_driver'
[0.886s] INFO:colcon.colcon_core.shell:Skip shell extension 'powershell' for command environment: Not usable outside of PowerShell
[0.887s] DEBUG:colcon.colcon_core.shell:Skip shell extension 'dsv' for command environment
[2.684s] DEBUG:colcon.colcon_core.event_handler.log_command:Invoking command in '/home/zuiken/Documents/ROS2_Navigation2_test/ros2_ws/src/base_driver': DEBUGINFOD_URLS=https://debuginfod.ubuntu.com PYTHONPATH=/home/zuiken/Documents/ROS2_Navigation2_test/build/base_driver/prefix_override:/usr/lib/python3/dist-packages/colcon_core/task/python/colcon_distutils_commands:/home/zuiken/Documents/ROS2_Navigation2_test/install/base_driver/lib/python3.12/site-packages:${PYTHONPATH} /usr/bin/python3 -W ignore:setup.py install is deprecated -W ignore:easy_install command is deprecated setup.py egg_info --egg-base ../../../build/base_driver build --build-base /home/zuiken/Documents/ROS2_Navigation2_test/build/base_driver/build install --record /home/zuiken/Documents/ROS2_Navigation2_test/build/base_driver/install.log --single-version-externally-managed install_data
[3.844s] DEBUG:colcon.colcon_core.event_handler.log_command:Invoked command in '/home/zuiken/Documents/ROS2_Navigation2_test/ros2_ws/src/base_driver' returned '0': DEBUGINFOD_URLS=https://debuginfod.ubuntu.com PYTHONPATH=/home/zuiken/Documents/ROS2_Navigation2_test/build/base_driver/prefix_override:/usr/lib/python3/dist-packages/colcon_core/task/python/colcon_distutils_commands:/home/zuiken/Documents/ROS2_Navigation2_test/install/base_driver/lib/python3.12/site-packages:${PYTHONPATH} /usr/bin/python3 -W ignore:setup.py install is deprecated -W ignore:easy_install command is deprecated setup.py egg_info --egg-base ../../../build/base_driver build --build-base /home/zuiken/Documents/ROS2_Navigation2_test/build/base_driver/build install --record /home/zuiken/Documents/ROS2_Navigation2_test/build/base_driver/install.log --single-version-externally-managed install_data
[3.847s] Level 1:colcon.colcon_core.environment:checking '/home/zuiken/Documents/ROS2_Navigation2_test/install/base_driver' for CMake module files
[3.848s] Level 1:colcon.colcon_core.environment:checking '/home/zuiken/Documents/ROS2_Navigation2_test/install/base_driver' for CMake config files
[3.851s] Level 1:colcon.colcon_core.environment:checking '/home/zuiken/Documents/ROS2_Navigation2_test/install/base_driver/lib'
[3.851s] Level 1:colcon.colcon_core.environment:checking '/home/zuiken/Documents/ROS2_Navigation2_test/install/base_driver/bin'
[3.851s] Level 1:colcon.colcon_core.environment:checking '/home/zuiken/Documents/ROS2_Navigation2_test/install/base_driver/lib/pkgconfig/base_driver.pc'
[3.851s] Level 1:colcon.colcon_core.environment:checking '/home/zuiken/Documents/ROS2_Navigation2_test/install/base_driver/lib/python3.12/site-packages'
[3.851s] Level 1:colcon.colcon_core.shell:create_environment_hook('base_driver', 'pythonpath')
[3.852s] INFO:colcon.colcon_core.shell:Creating environment hook '/home/zuiken/Documents/ROS2_Navigation2_test/install/base_driver/share/base_driver/hook/pythonpath.ps1'
[3.853s] INFO:colcon.colcon_core.shell:Creating environment descriptor '/home/zuiken/Documents/ROS2_Navigation2_test/install/base_driver/share/base_driver/hook/pythonpath.dsv'
[3.853s] INFO:colcon.colcon_core.shell:Creating environment hook '/home/zuiken/Documents/ROS2_Navigation2_test/install/base_driver/share/base_driver/hook/pythonpath.sh'
[3.855s] Level 1:colcon.colcon_core.environment:checking '/home/zuiken/Documents/ROS2_Navigation2_test/install/base_driver/bin'
[3.855s] Level 1:colcon.colcon_core.environment:create_environment_scripts_only(base_driver)
[3.855s] INFO:colcon.colcon_core.shell:Creating package script '/home/zuiken/Documents/ROS2_Navigation2_test/install/base_driver/share/base_driver/package.ps1'
[3.856s] INFO:colcon.colcon_core.shell:Creating package descriptor '/home/zuiken/Documents/ROS2_Navigation2_test/install/base_driver/share/base_driver/package.dsv'
[3.857s] INFO:colcon.colcon_core.shell:Creating package script '/home/zuiken/Documents/ROS2_Navigation2_test/install/base_driver/share/base_driver/package.sh'
[3.860s] INFO:colcon.colcon_core.shell:Creating package script '/home/zuiken/Documents/ROS2_Navigation2_test/install/base_driver/share/base_driver/package.bash'
[3.895s] INFO:colcon.colcon_core.shell:Creating package script '/home/zuiken/Documents/ROS2_Navigation2_test/install/base_driver/share/base_driver/package.zsh'
[3.896s] Level 1:colcon.colcon_core.environment:create_file_with_runtime_dependencies(/home/zuiken/Documents/ROS2_Navigation2_test/install/base_driver/share/colcon-core/packages/base_driver)
[3.896s] DEBUG:colcon.colcon_parallel_executor.executor.parallel:closing loop
[3.897s] DEBUG:colcon.colcon_parallel_executor.executor.parallel:loop closed
[3.897s] DEBUG:colcon.colcon_parallel_executor.executor.parallel:run_until_complete finished with '0'
[3.897s] DEBUG:colcon.colcon_core.event_reactor:joining thread
[3.908s] INFO:colcon.colcon_core.plugin_system:Skipping extension 'colcon_notification.desktop_notification.terminal_notifier': Not used on non-Darwin systems
[3.909s] INFO:colcon.colcon_core.plugin_system:Skipping extension 'colcon_notification.desktop_notification.win32': Not used on non-Windows systems
[3.909s] INFO:colcon.colcon_notification.desktop_notification:Sending desktop notification using 'notify2'
[3.982s] DEBUG:colcon.colcon_core.event_reactor:joined thread
[3.982s] INFO:colcon.colcon_core.shell:Creating prefix script '/home/zuiken/Documents/ROS2_Navigation2_test/install/local_setup.ps1'
[3.984s] INFO:colcon.colcon_core.shell:Creating prefix util module '/home/zuiken/Documents/ROS2_Navigation2_test/install/_local_setup_util_ps1.py'
[3.986s] INFO:colcon.colcon_core.shell:Creating prefix chain script '/home/zuiken/Documents/ROS2_Navigation2_test/install/setup.ps1'
[3.988s] INFO:colcon.colcon_core.shell:Creating prefix script '/home/zuiken/Documents/ROS2_Navigation2_test/install/local_setup.sh'
[3.989s] INFO:colcon.colcon_core.shell:Creating prefix util module '/home/zuiken/Documents/ROS2_Navigation2_test/install/_local_setup_util_sh.py'
[3.990s] INFO:colcon.colcon_core.shell:Creating prefix chain script '/home/zuiken/Documents/ROS2_Navigation2_test/install/setup.sh'
[3.992s] INFO:colcon.colcon_core.shell:Creating prefix script '/home/zuiken/Documents/ROS2_Navigation2_test/install/local_setup.bash'
[3.993s] INFO:colcon.colcon_core.shell:Creating prefix chain script '/home/zuiken/Documents/ROS2_Navigation2_test/install/setup.bash'
[3.994s] INFO:colcon.colcon_core.shell:Creating prefix script '/home/zuiken/Documents/ROS2_Navigation2_test/install/local_setup.zsh'
[3.995s] INFO:colcon.colcon_core.shell:Creating prefix chain script '/home/zuiken/Documents/ROS2_Navigation2_test/install/setup.zsh'
