[1.697s] Invoking command in '/home/zuiken/Documents/ROS2_Navigation2_test/ros2_ws/src/base_driver': DEBUGINFOD_URLS=https://debuginfod.ubuntu.com PYTHONPATH=/home/zuiken/Documents/ROS2_Navigation2_test/build/base_driver/prefix_override:/usr/lib/python3/dist-packages/colcon_core/task/python/colcon_distutils_commands:/home/zuiken/Documents/ROS2_Navigation2_test/install/base_driver/lib/python3.12/site-packages:${PYTHONPATH} /usr/bin/python3 -W ignore:setup.py install is deprecated -W ignore:easy_install command is deprecated setup.py egg_info --egg-base ../../../build/base_driver build --build-base /home/zuiken/Documents/ROS2_Navigation2_test/build/base_driver/build install --record /home/zuiken/Documents/ROS2_Navigation2_test/build/base_driver/install.log --single-version-externally-managed install_data
[2.203s] running egg_info
[2.244s] writing ../../../build/base_driver/base_driver.egg-info/PKG-INFO
[2.244s] writing dependency_links to ../../../build/base_driver/base_driver.egg-info/dependency_links.txt
[2.245s] writing entry points to ../../../build/base_driver/base_driver.egg-info/entry_points.txt
[2.246s] writing requirements to ../../../build/base_driver/base_driver.egg-info/requires.txt
[2.247s] writing top-level names to ../../../build/base_driver/base_driver.egg-info/top_level.txt
[2.328s] reading manifest file '../../../build/base_driver/base_driver.egg-info/SOURCES.txt'
[2.329s] writing manifest file '../../../build/base_driver/base_driver.egg-info/SOURCES.txt'
[2.329s] running build
[2.330s] running build_py
[2.330s] copying base_driver/web_dashboard.py -> /home/zuiken/Documents/ROS2_Navigation2_test/build/base_driver/build/lib/base_driver
[2.330s] running install
[2.340s] running install_lib
[2.382s] copying /home/zuiken/Documents/ROS2_Navigation2_test/build/base_driver/build/lib/base_driver/web_dashboard.py -> /home/zuiken/Documents/ROS2_Navigation2_test/install/base_driver/lib/python3.12/site-packages/base_driver
[2.383s] byte-compiling /home/zuiken/Documents/ROS2_Navigation2_test/install/base_driver/lib/python3.12/site-packages/base_driver/web_dashboard.py to web_dashboard.cpython-312.pyc
[2.386s] running install_data
[2.387s] copying package.xml -> /home/zuiken/Documents/ROS2_Navigation2_test/install/base_driver/share/base_driver
[2.387s] copying config/joy.yaml -> /home/zuiken/Documents/ROS2_Navigation2_test/install/base_driver/share/base_driver/config
[2.387s] creating /home/zuiken/Documents/ROS2_Navigation2_test/install/base_driver/share/base_driver/web
[2.387s] copying web/style.css -> /home/zuiken/Documents/ROS2_Navigation2_test/install/base_driver/share/base_driver/web
[2.388s] copying web/index.html -> /home/zuiken/Documents/ROS2_Navigation2_test/install/base_driver/share/base_driver/web
[2.388s] copying web/app.js -> /home/zuiken/Documents/ROS2_Navigation2_test/install/base_driver/share/base_driver/web
[2.388s] copying launch/bringup.launch.py -> /home/zuiken/Documents/ROS2_Navigation2_test/install/base_driver/share/base_driver/launch
[2.388s] copying launch/base_driver.launch.py -> /home/zuiken/Documents/ROS2_Navigation2_test/install/base_driver/share/base_driver/launch
[2.388s] running install_egg_info
[2.431s] removing '/home/zuiken/Documents/ROS2_Navigation2_test/install/base_driver/lib/python3.12/site-packages/base_driver-0.0.0-py3.12.egg-info' (and everything under it)
[2.431s] Copying ../../../build/base_driver/base_driver.egg-info to /home/zuiken/Documents/ROS2_Navigation2_test/install/base_driver/lib/python3.12/site-packages/base_driver-0.0.0-py3.12.egg-info
[2.433s] running install_scripts
[2.701s] Installing base_driver script to /home/zuiken/Documents/ROS2_Navigation2_test/install/base_driver/lib/base_driver
[2.701s] Installing encoder_odom script to /home/zuiken/Documents/ROS2_Navigation2_test/install/base_driver/lib/base_driver
[2.704s] Installing static_tf_pub script to /home/zuiken/Documents/ROS2_Navigation2_test/install/base_driver/lib/base_driver
[2.705s] Installing web_dashboard script to /home/zuiken/Documents/ROS2_Navigation2_test/install/base_driver/lib/base_driver
[2.705s] writing list of installed files to '/home/zuiken/Documents/ROS2_Navigation2_test/build/base_driver/install.log'
[2.805s] Invoked command in '/home/zuiken/Documents/ROS2_Navigation2_test/ros2_ws/src/base_driver' returned '0': DEBUGINFOD_URLS=https://debuginfod.ubuntu.com PYTHONPATH=/home/zuiken/Documents/ROS2_Navigation2_test/build/base_driver/prefix_override:/usr/lib/python3/dist-packages/colcon_core/task/python/colcon_distutils_commands:/home/zuiken/Documents/ROS2_Navigation2_test/install/base_driver/lib/python3.12/site-packages:${PYTHONPATH} /usr/bin/python3 -W ignore:setup.py install is deprecated -W ignore:easy_install command is deprecated setup.py egg_info --egg-base ../../../build/base_driver build --build-base /home/zuiken/Documents/ROS2_Navigation2_test/build/base_driver/build install --record /home/zuiken/Documents/ROS2_Navigation2_test/build/base_driver/install.log --single-version-externally-managed install_data
