[2.222s] Invoking command in '/home/zuiken/Documents/ROS2_Navigation2_test/ros2_ws/src/base_driver': DEBUGINFOD_URLS=https://debuginfod.ubuntu.com PYTHONPATH=/home/zuiken/Documents/ROS2_Navigation2_test/ros2_ws/build/base_driver/prefix_override:/usr/lib/python3/dist-packages/colcon_core/task/python/colcon_distutils_commands:/home/zuiken/Documents/ROS2_Navigation2_test/ros2_ws/install/base_driver/lib/python3.12/site-packages:${PYTHONPATH} /usr/bin/python3 -W ignore:setup.py install is deprecated -W ignore:easy_install command is deprecated setup.py egg_info --egg-base ../../build/base_driver build --build-base /home/zuiken/Documents/ROS2_Navigation2_test/ros2_ws/build/base_driver/build install --record /home/zuiken/Documents/ROS2_Navigation2_test/ros2_ws/build/base_driver/install.log --single-version-externally-managed install_data
[2.727s] running egg_info
[2.727s] creating ../../build/base_driver/base_driver.egg-info
[2.770s] writing ../../build/base_driver/base_driver.egg-info/PKG-INFO
[2.772s] writing dependency_links to ../../build/base_driver/base_driver.egg-info/dependency_links.txt
[2.772s] writing requirements to ../../build/base_driver/base_driver.egg-info/requires.txt
[2.772s] writing top-level names to ../../build/base_driver/base_driver.egg-info/top_level.txt
[2.772s] writing manifest file '../../build/base_driver/base_driver.egg-info/SOURCES.txt'
[2.852s] reading manifest file '../../build/base_driver/base_driver.egg-info/SOURCES.txt'
[2.855s] writing manifest file '../../build/base_driver/base_driver.egg-info/SOURCES.txt'
[2.856s] running build
[2.856s] running build_py
[2.857s] creating /home/zuiken/Documents/ROS2_Navigation2_test/ros2_ws/build/base_driver/build
[2.857s] creating /home/zuiken/Documents/ROS2_Navigation2_test/ros2_ws/build/base_driver/build/lib
[2.857s] creating /home/zuiken/Documents/ROS2_Navigation2_test/ros2_ws/build/base_driver/build/lib/base_driver
[2.857s] copying base_driver/driver.py -> /home/zuiken/Documents/ROS2_Navigation2_test/ros2_ws/build/base_driver/build/lib/base_driver
[2.857s] copying base_driver/__init__.py -> /home/zuiken/Documents/ROS2_Navigation2_test/ros2_ws/build/base_driver/build/lib/base_driver
[2.857s] running install
[2.867s] running install_lib
[2.904s] creating /home/zuiken/Documents/ROS2_Navigation2_test/ros2_ws/install/base_driver/lib/python3.12/site-packages/base_driver
[2.905s] copying /home/zuiken/Documents/ROS2_Navigation2_test/ros2_ws/build/base_driver/build/lib/base_driver/driver.py -> /home/zuiken/Documents/ROS2_Navigation2_test/ros2_ws/install/base_driver/lib/python3.12/site-packages/base_driver
[2.906s] copying /home/zuiken/Documents/ROS2_Navigation2_test/ros2_ws/build/base_driver/build/lib/base_driver/__init__.py -> /home/zuiken/Documents/ROS2_Navigation2_test/ros2_ws/install/base_driver/lib/python3.12/site-packages/base_driver
[2.906s] byte-compiling /home/zuiken/Documents/ROS2_Navigation2_test/ros2_ws/install/base_driver/lib/python3.12/site-packages/base_driver/driver.py to driver.cpython-312.pyc
[2.908s] byte-compiling /home/zuiken/Documents/ROS2_Navigation2_test/ros2_ws/install/base_driver/lib/python3.12/site-packages/base_driver/__init__.py to __init__.cpython-312.pyc
[2.908s] running install_data
[2.908s] creating /home/zuiken/Documents/ROS2_Navigation2_test/ros2_ws/install/base_driver/share/ament_index
[2.909s] creating /home/zuiken/Documents/ROS2_Navigation2_test/ros2_ws/install/base_driver/share/ament_index/resource_index
[2.909s] creating /home/zuiken/Documents/ROS2_Navigation2_test/ros2_ws/install/base_driver/share/ament_index/resource_index/packages
[2.909s] copying resource/base_driver -> /home/zuiken/Documents/ROS2_Navigation2_test/ros2_ws/install/base_driver/share/ament_index/resource_index/packages
[2.909s] copying package.xml -> /home/zuiken/Documents/ROS2_Navigation2_test/ros2_ws/install/base_driver/share/base_driver
[2.909s] running install_egg_info
[2.959s] Copying ../../build/base_driver/base_driver.egg-info to /home/zuiken/Documents/ROS2_Navigation2_test/ros2_ws/install/base_driver/lib/python3.12/site-packages/base_driver-0.0.0-py3.12.egg-info
[2.963s] running install_scripts
[3.230s] writing list of installed files to '/home/zuiken/Documents/ROS2_Navigation2_test/ros2_ws/build/base_driver/install.log'
[3.346s] Invoked command in '/home/zuiken/Documents/ROS2_Navigation2_test/ros2_ws/src/base_driver' returned '0': DEBUGINFOD_URLS=https://debuginfod.ubuntu.com PYTHONPATH=/home/zuiken/Documents/ROS2_Navigation2_test/ros2_ws/build/base_driver/prefix_override:/usr/lib/python3/dist-packages/colcon_core/task/python/colcon_distutils_commands:/home/zuiken/Documents/ROS2_Navigation2_test/ros2_ws/install/base_driver/lib/python3.12/site-packages:${PYTHONPATH} /usr/bin/python3 -W ignore:setup.py install is deprecated -W ignore:easy_install command is deprecated setup.py egg_info --egg-base ../../build/base_driver build --build-base /home/zuiken/Documents/ROS2_Navigation2_test/ros2_ws/build/base_driver/build install --record /home/zuiken/Documents/ROS2_Navigation2_test/ros2_ws/build/base_driver/install.log --single-version-externally-managed install_data
