[1.705s] Invoking command in '/home/zuiken/Documents/ROS2_Navigation2_test/ros2_ws/src/base_driver': DEBUGINFOD_URLS=https://debuginfod.ubuntu.com PYTHONPATH=/home/zuiken/Documents/ROS2_Navigation2_test/ros2_ws/src/build/base_driver/prefix_override:/usr/lib/python3/dist-packages/colcon_core/task/python/colcon_distutils_commands:/home/zuiken/Documents/ROS2_Navigation2_test/ros2_ws/src/install/base_driver/lib/python3.12/site-packages:${PYTHONPATH} /usr/bin/python3 -W ignore:setup.py install is deprecated -W ignore:easy_install command is deprecated setup.py egg_info --egg-base ../build/base_driver build --build-base /home/zuiken/Documents/ROS2_Navigation2_test/ros2_ws/src/build/base_driver/build install --record /home/zuiken/Documents/ROS2_Navigation2_test/ros2_ws/src/build/base_driver/install.log --single-version-externally-managed install_data
[2.249s] running egg_info
[2.251s] creating ../build/base_driver/base_driver.egg-info
[2.293s] writing ../build/base_driver/base_driver.egg-info/PKG-INFO
[2.295s] writing dependency_links to ../build/base_driver/base_driver.egg-info/dependency_links.txt
[2.295s] writing entry points to ../build/base_driver/base_driver.egg-info/entry_points.txt
[2.295s] writing requirements to ../build/base_driver/base_driver.egg-info/requires.txt
[2.296s] writing top-level names to ../build/base_driver/base_driver.egg-info/top_level.txt
[2.296s] writing manifest file '../build/base_driver/base_driver.egg-info/SOURCES.txt'
[2.381s] reading manifest file '../build/base_driver/base_driver.egg-info/SOURCES.txt'
[2.382s] writing manifest file '../build/base_driver/base_driver.egg-info/SOURCES.txt'
[2.383s] running build
[2.383s] running build_py
[2.383s] creating /home/zuiken/Documents/ROS2_Navigation2_test/ros2_ws/src/build/base_driver/build
[2.384s] creating /home/zuiken/Documents/ROS2_Navigation2_test/ros2_ws/src/build/base_driver/build/lib
[2.384s] creating /home/zuiken/Documents/ROS2_Navigation2_test/ros2_ws/src/build/base_driver/build/lib/base_driver
[2.384s] copying base_driver/driver.py -> /home/zuiken/Documents/ROS2_Navigation2_test/ros2_ws/src/build/base_driver/build/lib/base_driver
[2.384s] copying base_driver/__init__.py -> /home/zuiken/Documents/ROS2_Navigation2_test/ros2_ws/src/build/base_driver/build/lib/base_driver
[2.384s] copying base_driver/encoder.py -> /home/zuiken/Documents/ROS2_Navigation2_test/ros2_ws/src/build/base_driver/build/lib/base_driver
[2.388s] running install
[2.398s] running install_lib
[2.449s] creating /home/zuiken/Documents/ROS2_Navigation2_test/ros2_ws/src/install/base_driver/lib/python3.12/site-packages/base_driver
[2.450s] copying /home/zuiken/Documents/ROS2_Navigation2_test/ros2_ws/src/build/base_driver/build/lib/base_driver/driver.py -> /home/zuiken/Documents/ROS2_Navigation2_test/ros2_ws/src/install/base_driver/lib/python3.12/site-packages/base_driver
[2.450s] copying /home/zuiken/Documents/ROS2_Navigation2_test/ros2_ws/src/build/base_driver/build/lib/base_driver/__init__.py -> /home/zuiken/Documents/ROS2_Navigation2_test/ros2_ws/src/install/base_driver/lib/python3.12/site-packages/base_driver
[2.450s] copying /home/zuiken/Documents/ROS2_Navigation2_test/ros2_ws/src/build/base_driver/build/lib/base_driver/encoder.py -> /home/zuiken/Documents/ROS2_Navigation2_test/ros2_ws/src/install/base_driver/lib/python3.12/site-packages/base_driver
[2.455s] byte-compiling /home/zuiken/Documents/ROS2_Navigation2_test/ros2_ws/src/install/base_driver/lib/python3.12/site-packages/base_driver/driver.py to driver.cpython-312.pyc
[2.459s] byte-compiling /home/zuiken/Documents/ROS2_Navigation2_test/ros2_ws/src/install/base_driver/lib/python3.12/site-packages/base_driver/__init__.py to __init__.cpython-312.pyc
[2.459s] byte-compiling /home/zuiken/Documents/ROS2_Navigation2_test/ros2_ws/src/install/base_driver/lib/python3.12/site-packages/base_driver/encoder.py to encoder.cpython-312.pyc
[2.462s] running install_data
[2.462s] creating /home/zuiken/Documents/ROS2_Navigation2_test/ros2_ws/src/install/base_driver/share/ament_index
[2.462s] creating /home/zuiken/Documents/ROS2_Navigation2_test/ros2_ws/src/install/base_driver/share/ament_index/resource_index
[2.464s] creating /home/zuiken/Documents/ROS2_Navigation2_test/ros2_ws/src/install/base_driver/share/ament_index/resource_index/packages
[2.464s] copying resource/base_driver -> /home/zuiken/Documents/ROS2_Navigation2_test/ros2_ws/src/install/base_driver/share/ament_index/resource_index/packages
[2.464s] copying package.xml -> /home/zuiken/Documents/ROS2_Navigation2_test/ros2_ws/src/install/base_driver/share/base_driver
[2.464s] creating /home/zuiken/Documents/ROS2_Navigation2_test/ros2_ws/src/install/base_driver/share/base_driver/launch
[2.464s] copying launch/base_driver.launch.py -> /home/zuiken/Documents/ROS2_Navigation2_test/ros2_ws/src/install/base_driver/share/base_driver/launch
[2.464s] running install_egg_info
[2.511s] Copying ../build/base_driver/base_driver.egg-info to /home/zuiken/Documents/ROS2_Navigation2_test/ros2_ws/src/install/base_driver/lib/python3.12/site-packages/base_driver-0.0.0-py3.12.egg-info
[2.515s] running install_scripts
[2.814s] Installing drive script to /home/zuiken/Documents/ROS2_Navigation2_test/ros2_ws/src/install/base_driver/lib/base_driver
[2.814s] Installing encoder script to /home/zuiken/Documents/ROS2_Navigation2_test/ros2_ws/src/install/base_driver/lib/base_driver
[2.815s] writing list of installed files to '/home/zuiken/Documents/ROS2_Navigation2_test/ros2_ws/src/build/base_driver/install.log'
[2.936s] Invoked command in '/home/zuiken/Documents/ROS2_Navigation2_test/ros2_ws/src/base_driver' returned '0': DEBUGINFOD_URLS=https://debuginfod.ubuntu.com PYTHONPATH=/home/zuiken/Documents/ROS2_Navigation2_test/ros2_ws/src/build/base_driver/prefix_override:/usr/lib/python3/dist-packages/colcon_core/task/python/colcon_distutils_commands:/home/zuiken/Documents/ROS2_Navigation2_test/ros2_ws/src/install/base_driver/lib/python3.12/site-packages:${PYTHONPATH} /usr/bin/python3 -W ignore:setup.py install is deprecated -W ignore:easy_install command is deprecated setup.py egg_info --egg-base ../build/base_driver build --build-base /home/zuiken/Documents/ROS2_Navigation2_test/ros2_ws/src/build/base_driver/build install --record /home/zuiken/Documents/ROS2_Navigation2_test/ros2_ws/src/build/base_driver/install.log --single-version-externally-managed install_data
