[24.902s] Invoking command in '/home/zuiken/Documents/ROS2_Navigation2_test/ros2_ws/src/base_driver': DEBUGINFOD_URLS=https://debuginfod.ubuntu.com PYTHONPATH=/home/zuiken/Documents/ROS2_Navigation2_test/ros2_ws/src/build/base_driver/prefix_override:/usr/lib/python3/dist-packages/colcon_core/task/python/colcon_distutils_commands:/home/zuiken/Documents/ROS2_Navigation2_test/ros2_ws/src/install/base_driver/lib/python3.12/site-packages:${PYTHONPATH} /usr/bin/python3 -W ignore:setup.py install is deprecated -W ignore:easy_install command is deprecated setup.py egg_info --egg-base ../build/base_driver build --build-base /home/zuiken/Documents/ROS2_Navigation2_test/ros2_ws/src/build/base_driver/build install --record /home/zuiken/Documents/ROS2_Navigation2_test/ros2_ws/src/build/base_driver/install.log --single-version-externally-managed install_data
[25.366s] running egg_info
[25.403s] writing ../build/base_driver/base_driver.egg-info/PKG-INFO
[25.654s] writing dependency_links to ../build/base_driver/base_driver.egg-info/dependency_links.txt
[25.654s] writing entry points to ../build/base_driver/base_driver.egg-info/entry_points.txt
[25.655s] writing requirements to ../build/base_driver/base_driver.egg-info/requires.txt
[25.655s] writing top-level names to ../build/base_driver/base_driver.egg-info/top_level.txt
[25.736s] reading manifest file '../build/base_driver/base_driver.egg-info/SOURCES.txt'
[27.687s] writing manifest file '../build/base_driver/base_driver.egg-info/SOURCES.txt'
[27.688s] running build
[27.688s] running build_py
[27.688s] copying base_driver/static_tf_pub.py -> /home/zuiken/Documents/ROS2_Navigation2_test/ros2_ws/src/build/base_driver/build/lib/base_driver
[27.701s] copying base_driver/driver.py -> /home/zuiken/Documents/ROS2_Navigation2_test/ros2_ws/src/build/base_driver/build/lib/base_driver
[27.702s] copying base_driver/encoder.py -> /home/zuiken/Documents/ROS2_Navigation2_test/ros2_ws/src/build/base_driver/build/lib/base_driver
[28.273s] running install
[28.288s] running install_lib
[28.326s] copying /home/zuiken/Documents/ROS2_Navigation2_test/ros2_ws/src/build/base_driver/build/lib/base_driver/static_tf_pub.py -> /home/zuiken/Documents/ROS2_Navigation2_test/ros2_ws/src/install/base_driver/lib/python3.12/site-packages/base_driver
[28.327s] copying /home/zuiken/Documents/ROS2_Navigation2_test/ros2_ws/src/build/base_driver/build/lib/base_driver/driver.py -> /home/zuiken/Documents/ROS2_Navigation2_test/ros2_ws/src/install/base_driver/lib/python3.12/site-packages/base_driver
[28.327s] copying /home/zuiken/Documents/ROS2_Navigation2_test/ros2_ws/src/build/base_driver/build/lib/base_driver/encoder.py -> /home/zuiken/Documents/ROS2_Navigation2_test/ros2_ws/src/install/base_driver/lib/python3.12/site-packages/base_driver
[28.328s] byte-compiling /home/zuiken/Documents/ROS2_Navigation2_test/ros2_ws/src/install/base_driver/lib/python3.12/site-packages/base_driver/static_tf_pub.py to static_tf_pub.cpython-312.pyc
[28.328s] byte-compiling /home/zuiken/Documents/ROS2_Navigation2_test/ros2_ws/src/install/base_driver/lib/python3.12/site-packages/base_driver/driver.py to driver.cpython-312.pyc
[28.994s] byte-compiling /home/zuiken/Documents/ROS2_Navigation2_test/ros2_ws/src/install/base_driver/lib/python3.12/site-packages/base_driver/encoder.py to encoder.cpython-312.pyc
[28.997s] running install_data
[28.997s] creating /home/zuiken/Documents/ROS2_Navigation2_test/ros2_ws/src/install/base_driver/share/base_driver/urdf
[28.997s] copying urdf/robot.urdf.xml -> /home/zuiken/Documents/ROS2_Navigation2_test/ros2_ws/src/install/base_driver/share/base_driver/urdf
[29.887s] creating /home/zuiken/Documents/ROS2_Navigation2_test/ros2_ws/src/install/base_driver/share/base_driver/config
[29.887s] copying config/nav2_params.yaml -> /home/zuiken/Documents/ROS2_Navigation2_test/ros2_ws/src/install/base_driver/share/base_driver/config
[31.192s] creating /home/zuiken/Documents/ROS2_Navigation2_test/ros2_ws/src/install/base_driver/share/base_driver/map
[31.193s] copying map/empty_map.yaml -> /home/zuiken/Documents/ROS2_Navigation2_test/ros2_ws/src/install/base_driver/share/base_driver/map
[31.193s] copying map/make_map.py -> /home/zuiken/Documents/ROS2_Navigation2_test/ros2_ws/src/install/base_driver/share/base_driver/map
[31.193s] copying map/my_map1.pgm -> /home/zuiken/Documents/ROS2_Navigation2_test/ros2_ws/src/install/base_driver/share/base_driver/map
[31.193s] copying map/empty_map.pgm -> /home/zuiken/Documents/ROS2_Navigation2_test/ros2_ws/src/install/base_driver/share/base_driver/map
[31.193s] copying launch/bringup.launch.py -> /home/zuiken/Documents/ROS2_Navigation2_test/ros2_ws/src/install/base_driver/share/base_driver/launch
[31.210s] copying launch/base_driver.launch.py -> /home/zuiken/Documents/ROS2_Navigation2_test/ros2_ws/src/install/base_driver/share/base_driver/launch
[31.431s] running install_egg_info
[31.471s] removing '/home/zuiken/Documents/ROS2_Navigation2_test/ros2_ws/src/install/base_driver/lib/python3.12/site-packages/base_driver-0.0.0-py3.12.egg-info' (and everything under it)
[31.471s] Copying ../build/base_driver/base_driver.egg-info to /home/zuiken/Documents/ROS2_Navigation2_test/ros2_ws/src/install/base_driver/lib/python3.12/site-packages/base_driver-0.0.0-py3.12.egg-info
[32.039s] running install_scripts
[32.286s] Installing base_driver script to /home/zuiken/Documents/ROS2_Navigation2_test/ros2_ws/src/install/base_driver/lib/base_driver
[32.287s] Installing encoder_odom script to /home/zuiken/Documents/ROS2_Navigation2_test/ros2_ws/src/install/base_driver/lib/base_driver
[32.287s] Installing static_tf_pub script to /home/zuiken/Documents/ROS2_Navigation2_test/ros2_ws/src/install/base_driver/lib/base_driver
[32.287s] writing list of installed files to '/home/zuiken/Documents/ROS2_Navigation2_test/ros2_ws/src/build/base_driver/install.log'
[33.737s] Invoked command in '/home/zuiken/Documents/ROS2_Navigation2_test/ros2_ws/src/base_driver' returned '0': DEBUGINFOD_URLS=https://debuginfod.ubuntu.com PYTHONPATH=/home/zuiken/Documents/ROS2_Navigation2_test/ros2_ws/src/build/base_driver/prefix_override:/usr/lib/python3/dist-packages/colcon_core/task/python/colcon_distutils_commands:/home/zuiken/Documents/ROS2_Navigation2_test/ros2_ws/src/install/base_driver/lib/python3.12/site-packages:${PYTHONPATH} /usr/bin/python3 -W ignore:setup.py install is deprecated -W ignore:easy_install command is deprecated setup.py egg_info --egg-base ../build/base_driver build --build-base /home/zuiken/Documents/ROS2_Navigation2_test/ros2_ws/src/build/base_driver/build install --record /home/zuiken/Documents/ROS2_Navigation2_test/ros2_ws/src/build/base_driver/install.log --single-version-externally-managed install_data
