[2.145s] Invoking command in '/home/zuiken/Documents/ROS2_Navigation2_test/ros2_ws/src/base_driver': DEBUGINFOD_URLS=https://debuginfod.ubuntu.com PYTHONPATH=/home/zuiken/Documents/ROS2_Navigation2_test/ros2_ws/build/base_driver/prefix_override:/usr/lib/python3/dist-packages/colcon_core/task/python/colcon_distutils_commands:/home/zuiken/Documents/ROS2_Navigation2_test/ros2_ws/install/base_driver/lib/python3.12/site-packages:${PYTHONPATH} /usr/bin/python3 -W ignore:setup.py install is deprecated -W ignore:easy_install command is deprecated setup.py egg_info --egg-base ../../build/base_driver build --build-base /home/zuiken/Documents/ROS2_Navigation2_test/ros2_ws/build/base_driver/build install --record /home/zuiken/Documents/ROS2_Navigation2_test/ros2_ws/build/base_driver/install.log --single-version-externally-managed install_data
[2.752s] running egg_info
[2.802s] writing ../../build/base_driver/base_driver.egg-info/PKG-INFO
[2.811s] writing dependency_links to ../../build/base_driver/base_driver.egg-info/dependency_links.txt
[2.817s] writing entry points to ../../build/base_driver/base_driver.egg-info/entry_points.txt
[2.819s] writing requirements to ../../build/base_driver/base_driver.egg-info/requires.txt
[2.823s] writing top-level names to ../../build/base_driver/base_driver.egg-info/top_level.txt
[2.965s] reading manifest file '../../build/base_driver/base_driver.egg-info/SOURCES.txt'
[2.967s] writing manifest file '../../build/base_driver/base_driver.egg-info/SOURCES.txt'
[2.968s] running build
[2.969s] running build_py
[2.970s] copying base_driver/driver.py -> /home/zuiken/Documents/ROS2_Navigation2_test/ros2_ws/build/base_driver/build/lib/base_driver
[2.972s] running install
[2.986s] running install_lib
[3.034s] copying /home/zuiken/Documents/ROS2_Navigation2_test/ros2_ws/build/base_driver/build/lib/base_driver/driver.py -> /home/zuiken/Documents/ROS2_Navigation2_test/ros2_ws/install/base_driver/lib/python3.12/site-packages/base_driver
[3.036s] byte-compiling /home/zuiken/Documents/ROS2_Navigation2_test/ros2_ws/install/base_driver/lib/python3.12/site-packages/base_driver/driver.py to driver.cpython-312.pyc
[3.039s] running install_data
[3.039s] running install_egg_info
[3.092s] removing '/home/zuiken/Documents/ROS2_Navigation2_test/ros2_ws/install/base_driver/lib/python3.12/site-packages/base_driver-0.0.0-py3.12.egg-info' (and everything under it)
[3.098s] Copying ../../build/base_driver/base_driver.egg-info to /home/zuiken/Documents/ROS2_Navigation2_test/ros2_ws/install/base_driver/lib/python3.12/site-packages/base_driver-0.0.0-py3.12.egg-info
[3.105s] running install_scripts
[3.448s] Installing base_driver script to /home/zuiken/Documents/ROS2_Navigation2_test/ros2_ws/install/base_driver/lib/base_driver
[3.449s] Installing encoder_odom script to /home/zuiken/Documents/ROS2_Navigation2_test/ros2_ws/install/base_driver/lib/base_driver
[3.450s] Installing static_tf_pub script to /home/zuiken/Documents/ROS2_Navigation2_test/ros2_ws/install/base_driver/lib/base_driver
[3.452s] writing list of installed files to '/home/zuiken/Documents/ROS2_Navigation2_test/ros2_ws/build/base_driver/install.log'
[3.628s] Invoked command in '/home/zuiken/Documents/ROS2_Navigation2_test/ros2_ws/src/base_driver' returned '0': DEBUGINFOD_URLS=https://debuginfod.ubuntu.com PYTHONPATH=/home/zuiken/Documents/ROS2_Navigation2_test/ros2_ws/build/base_driver/prefix_override:/usr/lib/python3/dist-packages/colcon_core/task/python/colcon_distutils_commands:/home/zuiken/Documents/ROS2_Navigation2_test/ros2_ws/install/base_driver/lib/python3.12/site-packages:${PYTHONPATH} /usr/bin/python3 -W ignore:setup.py install is deprecated -W ignore:easy_install command is deprecated setup.py egg_info --egg-base ../../build/base_driver build --build-base /home/zuiken/Documents/ROS2_Navigation2_test/ros2_ws/build/base_driver/build install --record /home/zuiken/Documents/ROS2_Navigation2_test/ros2_ws/build/base_driver/install.log --single-version-externally-managed install_data
