running egg_info
writing ../../build/base_driver/base_driver.egg-info/PKG-INFO
writing dependency_links to ../../build/base_driver/base_driver.egg-info/dependency_links.txt
writing entry points to ../../build/base_driver/base_driver.egg-info/entry_points.txt
writing requirements to ../../build/base_driver/base_driver.egg-info/requires.txt
writing top-level names to ../../build/base_driver/base_driver.egg-info/top_level.txt
reading manifest file '../../build/base_driver/base_driver.egg-info/SOURCES.txt'
writing manifest file '../../build/base_driver/base_driver.egg-info/SOURCES.txt'
running build
running build_py
running install
running install_lib
running install_data
running install_egg_info
removing '/home/zuiken/Documents/ROS2_Navigation2_test/ros2_ws/install/base_driver/lib/python3.12/site-packages/base_driver-0.0.0-py3.12.egg-info' (and everything under it)
Copying ../../build/base_driver/base_driver.egg-info to /home/zuiken/Documents/ROS2_Navigation2_test/ros2_ws/install/base_driver/lib/python3.12/site-packages/base_driver-0.0.0-py3.12.egg-info
running install_scripts
Installing base_driver script to /home/zuiken/Documents/ROS2_Navigation2_test/ros2_ws/install/base_driver/lib/base_driver
Installing encoder_odom script to /home/zuiken/Documents/ROS2_Navigation2_test/ros2_ws/install/base_driver/lib/base_driver
writing list of installed files to '/home/zuiken/Documents/ROS2_Navigation2_test/ros2_ws/build/base_driver/install.log'
