[0.261s] DEBUG:colcon:Command line arguments: ['/usr/bin/colcon', 'build']
[0.261s] DEBUG:colcon:Parsed command line arguments: Namespace(log_base=None, log_level=None, verb_name='build', build_base='build', install_base='install', merge_install=False, symlink_install=False, test_result_base=None, continue_on_error=False, executor='parallel', parallel_workers=4, event_handlers=None, ignore_user_meta=False, metas=['./colcon.meta'], base_paths=['.'], packages_ignore=None, packages_ignore_regex=None, paths=None, packages_up_to=None, packages_up_to_regex=None, packages_above=None, packages_above_and_dependencies=None, packages_above_depth=None, packages_select_by_dep=None, packages_skip_by_dep=None, packages_skip_up_to=None, packages_select_build_failed=False, packages_skip_build_finished=False, packages_select_test_failures=False, packages_skip_test_passed=False, packages_select=None, packages_skip=None, packages_select_regex=None, packages_skip_regex=None, packages_start=None, packages_end=None, allow_overriding=[], cmake_args=None, cmake_target=None, cmake_target_skip_unavailable=False, cmake_clean_cache=False, cmake_clean_first=False, cmake_force_configure=False, ament_cmake_args=None, catkin_cmake_args=None, catkin_skip_building_tests=False, mixin_files=None, mixin=None, verb_parser=<colcon_mixin.mixin.mixin_argument.MixinArgumentDecorator object at 0xffffb3c7b080>, verb_extension=<colcon_core.verb.build.BuildVerb object at 0xffffb3c7acf0>, main=<bound method BuildVerb.main of <colcon_core.verb.build.BuildVerb object at 0xffffb3c7acf0>>, mixin_verb=('build',))
[0.356s] Level 1:colcon.colcon_core.package_discovery:discover_packages(colcon_meta) check parameters
[0.356s] Level 1:colcon.colcon_core.package_discovery:discover_packages(recursive) check parameters
[0.356s] Level 1:colcon.colcon_core.package_discovery:discover_packages(ignore) check parameters
[0.356s] Level 1:colcon.colcon_core.package_discovery:discover_packages(path) check parameters
[0.356s] Level 1:colcon.colcon_core.package_discovery:discover_packages(colcon_meta) discover
[0.357s] Level 1:colcon.colcon_core.package_discovery:discover_packages(recursive) discover
[0.357s] INFO:colcon.colcon_core.package_discovery:Crawling recursively for packages in '/home/zuiken/Documents/ROS2_Navigation2_test'
[0.357s] Level 1:colcon.colcon_core.package_identification:_identify(.) by extensions ['ignore', 'ignore_ament_install']
[0.357s] Level 1:colcon.colcon_core.package_identification:_identify(.) by extension 'ignore'
[0.357s] Level 1:colcon.colcon_core.package_identification:_identify(.) by extension 'ignore_ament_install'
[0.357s] Level 1:colcon.colcon_core.package_identification:_identify(.) by extensions ['colcon_pkg']
[0.357s] Level 1:colcon.colcon_core.package_identification:_identify(.) by extension 'colcon_pkg'
[0.357s] Level 1:colcon.colcon_core.package_identification:_identify(.) by extensions ['colcon_meta']
[0.358s] Level 1:colcon.colcon_core.package_identification:_identify(.) by extension 'colcon_meta'
[0.358s] Level 1:colcon.colcon_core.package_identification:_identify(.) by extensions ['ros']
[0.358s] Level 1:colcon.colcon_core.package_identification:_identify(.) by extension 'ros'
[0.414s] Level 1:colcon.colcon_core.package_identification:_identify(.) by extensions ['cmake', 'python']
[0.414s] Level 1:colcon.colcon_core.package_identification:_identify(.) by extension 'cmake'
[0.414s] Level 1:colcon.colcon_core.package_identification:_identify(.) by extension 'python'
[0.415s] Level 1:colcon.colcon_core.package_identification:_identify(.) by extensions ['python_setup_py']
[0.415s] Level 1:colcon.colcon_core.package_identification:_identify(.) by extension 'python_setup_py'
[0.415s] Level 1:colcon.colcon_core.package_identification:_identify(build) by extensions ['ignore', 'ignore_ament_install']
[0.415s] Level 1:colcon.colcon_core.package_identification:_identify(build) by extension 'ignore'
[0.416s] Level 1:colcon.colcon_core.package_identification:_identify(build) ignored
[0.416s] Level 1:colcon.colcon_core.package_identification:_identify(install) by extensions ['ignore', 'ignore_ament_install']
[0.416s] Level 1:colcon.colcon_core.package_identification:_identify(install) by extension 'ignore'
[0.416s] Level 1:colcon.colcon_core.package_identification:_identify(install) ignored
[0.416s] Level 1:colcon.colcon_core.package_identification:_identify(log) by extensions ['ignore', 'ignore_ament_install']
[0.416s] Level 1:colcon.colcon_core.package_identification:_identify(log) by extension 'ignore'
[0.416s] Level 1:colcon.colcon_core.package_identification:_identify(log) ignored
[0.417s] Level 1:colcon.colcon_core.package_identification:_identify(ros2_ws) by extensions ['ignore', 'ignore_ament_install']
[0.417s] Level 1:colcon.colcon_core.package_identification:_identify(ros2_ws) by extension 'ignore'
[0.417s] Level 1:colcon.colcon_core.package_identification:_identify(ros2_ws) by extension 'ignore_ament_install'
[0.417s] Level 1:colcon.colcon_core.package_identification:_identify(ros2_ws) by extensions ['colcon_pkg']
[0.417s] Level 1:colcon.colcon_core.package_identification:_identify(ros2_ws) by extension 'colcon_pkg'
[0.417s] Level 1:colcon.colcon_core.package_identification:_identify(ros2_ws) by extensions ['colcon_meta']
[0.417s] Level 1:colcon.colcon_core.package_identification:_identify(ros2_ws) by extension 'colcon_meta'
[0.417s] Level 1:colcon.colcon_core.package_identification:_identify(ros2_ws) by extensions ['ros']
[0.417s] Level 1:colcon.colcon_core.package_identification:_identify(ros2_ws) by extension 'ros'
[0.417s] Level 1:colcon.colcon_core.package_identification:_identify(ros2_ws) by extensions ['cmake', 'python']
[0.417s] Level 1:colcon.colcon_core.package_identification:_identify(ros2_ws) by extension 'cmake'
[0.417s] Level 1:colcon.colcon_core.package_identification:_identify(ros2_ws) by extension 'python'
[0.417s] Level 1:colcon.colcon_core.package_identification:_identify(ros2_ws) by extensions ['python_setup_py']
[0.417s] Level 1:colcon.colcon_core.package_identification:_identify(ros2_ws) by extension 'python_setup_py'
[0.417s] Level 1:colcon.colcon_core.package_identification:_identify(ros2_ws/build) by extensions ['ignore', 'ignore_ament_install']
[0.418s] Level 1:colcon.colcon_core.package_identification:_identify(ros2_ws/build) by extension 'ignore'
[0.418s] Level 1:colcon.colcon_core.package_identification:_identify(ros2_ws/build) ignored
[0.418s] Level 1:colcon.colcon_core.package_identification:_identify(ros2_ws/install) by extensions ['ignore', 'ignore_ament_install']
[0.418s] Level 1:colcon.colcon_core.package_identification:_identify(ros2_ws/install) by extension 'ignore'
[0.418s] Level 1:colcon.colcon_core.package_identification:_identify(ros2_ws/install) ignored
[0.418s] Level 1:colcon.colcon_core.package_identification:_identify(ros2_ws/log) by extensions ['ignore', 'ignore_ament_install']
[0.418s] Level 1:colcon.colcon_core.package_identification:_identify(ros2_ws/log) by extension 'ignore'
[0.418s] Level 1:colcon.colcon_core.package_identification:_identify(ros2_ws/log) ignored
[0.418s] Level 1:colcon.colcon_core.package_identification:_identify(ros2_ws/src) by extensions ['ignore', 'ignore_ament_install']
[0.419s] Level 1:colcon.colcon_core.package_identification:_identify(ros2_ws/src) by extension 'ignore'
[0.419s] Level 1:colcon.colcon_core.package_identification:_identify(ros2_ws/src) by extension 'ignore_ament_install'
[0.419s] Level 1:colcon.colcon_core.package_identification:_identify(ros2_ws/src) by extensions ['colcon_pkg']
[0.419s] Level 1:colcon.colcon_core.package_identification:_identify(ros2_ws/src) by extension 'colcon_pkg'
[0.419s] Level 1:colcon.colcon_core.package_identification:_identify(ros2_ws/src) by extensions ['colcon_meta']
[0.419s] Level 1:colcon.colcon_core.package_identification:_identify(ros2_ws/src) by extension 'colcon_meta'
[0.419s] Level 1:colcon.colcon_core.package_identification:_identify(ros2_ws/src) by extensions ['ros']
[0.419s] Level 1:colcon.colcon_core.package_identification:_identify(ros2_ws/src) by extension 'ros'
[0.419s] Level 1:colcon.colcon_core.package_identification:_identify(ros2_ws/src) by extensions ['cmake', 'python']
[0.419s] Level 1:colcon.colcon_core.package_identification:_identify(ros2_ws/src) by extension 'cmake'
[0.419s] Level 1:colcon.colcon_core.package_identification:_identify(ros2_ws/src) by extension 'python'
[0.419s] Level 1:colcon.colcon_core.package_identification:_identify(ros2_ws/src) by extensions ['python_setup_py']
[0.420s] Level 1:colcon.colcon_core.package_identification:_identify(ros2_ws/src) by extension 'python_setup_py'
[0.420s] Level 1:colcon.colcon_core.package_identification:_identify(ros2_ws/src/base_driver) by extensions ['ignore', 'ignore_ament_install']
[0.420s] Level 1:colcon.colcon_core.package_identification:_identify(ros2_ws/src/base_driver) by extension 'ignore'
[0.420s] Level 1:colcon.colcon_core.package_identification:_identify(ros2_ws/src/base_driver) by extension 'ignore_ament_install'
[0.420s] Level 1:colcon.colcon_core.package_identification:_identify(ros2_ws/src/base_driver) by extensions ['colcon_pkg']
[0.420s] Level 1:colcon.colcon_core.package_identification:_identify(ros2_ws/src/base_driver) by extension 'colcon_pkg'
[0.420s] Level 1:colcon.colcon_core.package_identification:_identify(ros2_ws/src/base_driver) by extensions ['colcon_meta']
[0.420s] Level 1:colcon.colcon_core.package_identification:_identify(ros2_ws/src/base_driver) by extension 'colcon_meta'
[0.420s] Level 1:colcon.colcon_core.package_identification:_identify(ros2_ws/src/base_driver) by extensions ['ros']
[0.420s] Level 1:colcon.colcon_core.package_identification:_identify(ros2_ws/src/base_driver) by extension 'ros'
[0.426s] DEBUG:colcon.colcon_core.package_identification:Package 'ros2_ws/src/base_driver' with type 'ros.ament_python' and name 'base_driver'
[0.426s] Level 1:colcon.colcon_core.package_identification:_identify(ros2_ws/src/build) by extensions ['ignore', 'ignore_ament_install']
[0.427s] Level 1:colcon.colcon_core.package_identification:_identify(ros2_ws/src/build) by extension 'ignore'
[0.427s] Level 1:colcon.colcon_core.package_identification:_identify(ros2_ws/src/build) ignored
[0.427s] Level 1:colcon.colcon_core.package_identification:_identify(ros2_ws/src/install) by extensions ['ignore', 'ignore_ament_install']
[0.427s] Level 1:colcon.colcon_core.package_identification:_identify(ros2_ws/src/install) by extension 'ignore'
[0.427s] Level 1:colcon.colcon_core.package_identification:_identify(ros2_ws/src/install) ignored
[0.428s] Level 1:colcon.colcon_core.package_identification:_identify(ros2_ws/src/log) by extensions ['ignore', 'ignore_ament_install']
[0.428s] Level 1:colcon.colcon_core.package_identification:_identify(ros2_ws/src/log) by extension 'ignore'
[0.428s] Level 1:colcon.colcon_core.package_identification:_identify(ros2_ws/src/log) ignored
[0.428s] Level 1:colcon.colcon_core.package_discovery:discover_packages(recursive) using defaults
[0.428s] Level 1:colcon.colcon_core.package_discovery:discover_packages(ignore) discover
[0.428s] Level 1:colcon.colcon_core.package_discovery:discover_packages(ignore) using defaults
[0.428s] Level 1:colcon.colcon_core.package_discovery:discover_packages(path) discover
[0.428s] Level 1:colcon.colcon_core.package_discovery:discover_packages(path) using defaults
[0.467s] Level 1:colcon.colcon_core.package_discovery:discover_packages(prefix_path) check parameters
[0.467s] Level 1:colcon.colcon_core.package_discovery:discover_packages(prefix_path) discover
[0.471s] DEBUG:colcon.colcon_installed_package_information.package_discovery:Found 1 installed packages in /home/zuiken/Documents/ROS2_Navigation2_test/install
[0.475s] DEBUG:colcon.colcon_installed_package_information.package_discovery:Found 487 installed packages in /opt/ros/jazzy
[0.481s] Level 1:colcon.colcon_core.package_discovery:discover_packages(prefix_path) using defaults
[0.604s] Level 5:colcon.colcon_core.verb:set package 'base_driver' build argument 'cmake_args' from command line to 'None'
[0.604s] Level 5:colcon.colcon_core.verb:set package 'base_driver' build argument 'cmake_target' from command line to 'None'
[0.604s] Level 5:colcon.colcon_core.verb:set package 'base_driver' build argument 'cmake_target_skip_unavailable' from command line to 'False'
[0.604s] Level 5:colcon.colcon_core.verb:set package 'base_driver' build argument 'cmake_clean_cache' from command line to 'False'
[0.604s] Level 5:colcon.colcon_core.verb:set package 'base_driver' build argument 'cmake_clean_first' from command line to 'False'
[0.604s] Level 5:colcon.colcon_core.verb:set package 'base_driver' build argument 'cmake_force_configure' from command line to 'False'
[0.604s] Level 5:colcon.colcon_core.verb:set package 'base_driver' build argument 'ament_cmake_args' from command line to 'None'
[0.605s] Level 5:colcon.colcon_core.verb:set package 'base_driver' build argument 'catkin_cmake_args' from command line to 'None'
[0.605s] Level 5:colcon.colcon_core.verb:set package 'base_driver' build argument 'catkin_skip_building_tests' from command line to 'False'
[0.605s] DEBUG:colcon.colcon_core.verb:Building package 'base_driver' with the following arguments: {'ament_cmake_args': None, 'build_base': '/home/zuiken/Documents/ROS2_Navigation2_test/build/base_driver', 'catkin_cmake_args': None, 'catkin_skip_building_tests': False, 'cmake_args': None, 'cmake_clean_cache': False, 'cmake_clean_first': False, 'cmake_force_configure': False, 'cmake_target': None, 'cmake_target_skip_unavailable': False, 'install_base': '/home/zuiken/Documents/ROS2_Navigation2_test/install/base_driver', 'merge_install': False, 'path': '/home/zuiken/Documents/ROS2_Navigation2_test/ros2_ws/src/base_driver', 'symlink_install': False, 'test_result_base': None}
[0.605s] INFO:colcon.colcon_core.executor:Executing jobs using 'parallel' executor
[0.608s] DEBUG:colcon.colcon_parallel_executor.executor.parallel:run_until_complete
[0.609s] INFO:colcon.colcon_ros.task.ament_python.build:Building ROS package in '/home/zuiken/Documents/ROS2_Navigation2_test/ros2_ws/src/base_driver' with build type 'ament_python'
[0.609s] Level 1:colcon.colcon_core.shell:create_environment_hook('base_driver', 'ament_prefix_path')
[0.615s] INFO:colcon.colcon_core.plugin_system:Skipping extension 'colcon_core.shell.bat': Not used on non-Windows systems
[0.615s] INFO:colcon.colcon_core.shell:Creating environment hook '/home/zuiken/Documents/ROS2_Navigation2_test/install/base_driver/share/base_driver/hook/ament_prefix_path.ps1'
[0.617s] INFO:colcon.colcon_core.shell:Creating environment descriptor '/home/zuiken/Documents/ROS2_Navigation2_test/install/base_driver/share/base_driver/hook/ament_prefix_path.dsv'
[0.618s] INFO:colcon.colcon_core.shell:Creating environment hook '/home/zuiken/Documents/ROS2_Navigation2_test/install/base_driver/share/base_driver/hook/ament_prefix_path.sh'
[0.619s] INFO:colcon.colcon_core.shell:Skip shell extension 'powershell' for command environment: Not usable outside of PowerShell
[0.619s] DEBUG:colcon.colcon_core.shell:Skip shell extension 'dsv' for command environment
[1.215s] INFO:colcon.colcon_core.task.python.build:Building Python package in '/home/zuiken/Documents/ROS2_Navigation2_test/ros2_ws/src/base_driver'
[1.216s] INFO:colcon.colcon_core.shell:Skip shell extension 'powershell' for command environment: Not usable outside of PowerShell
[1.216s] DEBUG:colcon.colcon_core.shell:Skip shell extension 'dsv' for command environment
[2.871s] DEBUG:colcon.colcon_core.event_handler.log_command:Invoking command in '/home/zuiken/Documents/ROS2_Navigation2_test/ros2_ws/src/base_driver': DEBUGINFOD_URLS=https://debuginfod.ubuntu.com PYTHONPATH=/home/zuiken/Documents/ROS2_Navigation2_test/build/base_driver/prefix_override:/usr/lib/python3/dist-packages/colcon_core/task/python/colcon_distutils_commands:/home/zuiken/Documents/ROS2_Navigation2_test/install/base_driver/lib/python3.12/site-packages:${PYTHONPATH} /usr/bin/python3 -W ignore:setup.py install is deprecated -W ignore:easy_install command is deprecated setup.py egg_info --egg-base ../../../build/base_driver build --build-base /home/zuiken/Documents/ROS2_Navigation2_test/build/base_driver/build install --record /home/zuiken/Documents/ROS2_Navigation2_test/build/base_driver/install.log --single-version-externally-managed install_data
[4.192s] DEBUG:colcon.colcon_core.event_handler.log_command:Invoked command in '/home/zuiken/Documents/ROS2_Navigation2_test/ros2_ws/src/base_driver' returned '0': DEBUGINFOD_URLS=https://debuginfod.ubuntu.com PYTHONPATH=/home/zuiken/Documents/ROS2_Navigation2_test/build/base_driver/prefix_override:/usr/lib/python3/dist-packages/colcon_core/task/python/colcon_distutils_commands:/home/zuiken/Documents/ROS2_Navigation2_test/install/base_driver/lib/python3.12/site-packages:${PYTHONPATH} /usr/bin/python3 -W ignore:setup.py install is deprecated -W ignore:easy_install command is deprecated setup.py egg_info --egg-base ../../../build/base_driver build --build-base /home/zuiken/Documents/ROS2_Navigation2_test/build/base_driver/build install --record /home/zuiken/Documents/ROS2_Navigation2_test/build/base_driver/install.log --single-version-externally-managed install_data
[4.195s] Level 1:colcon.colcon_core.environment:checking '/home/zuiken/Documents/ROS2_Navigation2_test/install/base_driver' for CMake module files
[4.195s] Level 1:colcon.colcon_core.environment:checking '/home/zuiken/Documents/ROS2_Navigation2_test/install/base_driver' for CMake config files
[4.197s] Level 1:colcon.colcon_core.environment:checking '/home/zuiken/Documents/ROS2_Navigation2_test/install/base_driver/lib'
[4.197s] Level 1:colcon.colcon_core.environment:checking '/home/zuiken/Documents/ROS2_Navigation2_test/install/base_driver/bin'
[4.197s] Level 1:colcon.colcon_core.environment:checking '/home/zuiken/Documents/ROS2_Navigation2_test/install/base_driver/lib/pkgconfig/base_driver.pc'
[4.197s] Level 1:colcon.colcon_core.environment:checking '/home/zuiken/Documents/ROS2_Navigation2_test/install/base_driver/lib/python3.12/site-packages'
[4.197s] Level 1:colcon.colcon_core.shell:create_environment_hook('base_driver', 'pythonpath')
[4.198s] INFO:colcon.colcon_core.shell:Creating environment hook '/home/zuiken/Documents/ROS2_Navigation2_test/install/base_driver/share/base_driver/hook/pythonpath.ps1'
[4.199s] INFO:colcon.colcon_core.shell:Creating environment descriptor '/home/zuiken/Documents/ROS2_Navigation2_test/install/base_driver/share/base_driver/hook/pythonpath.dsv'
[4.200s] INFO:colcon.colcon_core.shell:Creating environment hook '/home/zuiken/Documents/ROS2_Navigation2_test/install/base_driver/share/base_driver/hook/pythonpath.sh'
[4.201s] Level 1:colcon.colcon_core.environment:checking '/home/zuiken/Documents/ROS2_Navigation2_test/install/base_driver/bin'
[4.201s] Level 1:colcon.colcon_core.environment:create_environment_scripts_only(base_driver)
[4.202s] INFO:colcon.colcon_core.shell:Creating package script '/home/zuiken/Documents/ROS2_Navigation2_test/install/base_driver/share/base_driver/package.ps1'
[4.204s] INFO:colcon.colcon_core.shell:Creating package descriptor '/home/zuiken/Documents/ROS2_Navigation2_test/install/base_driver/share/base_driver/package.dsv'
[4.204s] INFO:colcon.colcon_core.shell:Creating package script '/home/zuiken/Documents/ROS2_Navigation2_test/install/base_driver/share/base_driver/package.sh'
[4.205s] INFO:colcon.colcon_core.shell:Creating package script '/home/zuiken/Documents/ROS2_Navigation2_test/install/base_driver/share/base_driver/package.bash'
[4.265s] INFO:colcon.colcon_core.shell:Creating package script '/home/zuiken/Documents/ROS2_Navigation2_test/install/base_driver/share/base_driver/package.zsh'
[4.266s] Level 1:colcon.colcon_core.environment:create_file_with_runtime_dependencies(/home/zuiken/Documents/ROS2_Navigation2_test/install/base_driver/share/colcon-core/packages/base_driver)
[4.267s] DEBUG:colcon.colcon_parallel_executor.executor.parallel:closing loop
[4.268s] DEBUG:colcon.colcon_parallel_executor.executor.parallel:loop closed
[4.268s] DEBUG:colcon.colcon_parallel_executor.executor.parallel:run_until_complete finished with '0'
[4.268s] DEBUG:colcon.colcon_core.event_reactor:joining thread
[4.279s] INFO:colcon.colcon_core.plugin_system:Skipping extension 'colcon_notification.desktop_notification.terminal_notifier': Not used on non-Darwin systems
[4.279s] INFO:colcon.colcon_core.plugin_system:Skipping extension 'colcon_notification.desktop_notification.win32': Not used on non-Windows systems
[4.279s] INFO:colcon.colcon_notification.desktop_notification:Sending desktop notification using 'notify2'
[4.353s] DEBUG:colcon.colcon_core.event_reactor:joined thread
[4.353s] INFO:colcon.colcon_core.shell:Creating prefix script '/home/zuiken/Documents/ROS2_Navigation2_test/install/local_setup.ps1'
[4.354s] INFO:colcon.colcon_core.shell:Creating prefix util module '/home/zuiken/Documents/ROS2_Navigation2_test/install/_local_setup_util_ps1.py'
[4.357s] INFO:colcon.colcon_core.shell:Creating prefix chain script '/home/zuiken/Documents/ROS2_Navigation2_test/install/setup.ps1'
[4.360s] INFO:colcon.colcon_core.shell:Creating prefix script '/home/zuiken/Documents/ROS2_Navigation2_test/install/local_setup.sh'
[4.361s] INFO:colcon.colcon_core.shell:Creating prefix util module '/home/zuiken/Documents/ROS2_Navigation2_test/install/_local_setup_util_sh.py'
[4.362s] INFO:colcon.colcon_core.shell:Creating prefix chain script '/home/zuiken/Documents/ROS2_Navigation2_test/install/setup.sh'
[4.364s] INFO:colcon.colcon_core.shell:Creating prefix script '/home/zuiken/Documents/ROS2_Navigation2_test/install/local_setup.bash'
[4.365s] INFO:colcon.colcon_core.shell:Creating prefix chain script '/home/zuiken/Documents/ROS2_Navigation2_test/install/setup.bash'
[4.368s] INFO:colcon.colcon_core.shell:Creating prefix script '/home/zuiken/Documents/ROS2_Navigation2_test/install/local_setup.zsh'
[4.369s] INFO:colcon.colcon_core.shell:Creating prefix chain script '/home/zuiken/Documents/ROS2_Navigation2_test/install/setup.zsh'
