[1.457s] Invoking command in '/home/zuiken/Documents/ROS2_Navigation2_test/ros2_ws/src/base_driver': DEBUGINFOD_URLS=https://debuginfod.ubuntu.com PYTHONPATH=/home/zuiken/Documents/ROS2_Navigation2_test/ros2_ws/build/base_driver/prefix_override:/usr/lib/python3/dist-packages/colcon_core/task/python/colcon_distutils_commands:/home/zuiken/Documents/ROS2_Navigation2_test/ros2_ws/install/base_driver/lib/python3.12/site-packages:${PYTHONPATH} /usr/bin/python3 -W ignore:setup.py install is deprecated -W ignore:easy_install command is deprecated setup.py egg_info --egg-base ../../build/base_driver build --build-base /home/zuiken/Documents/ROS2_Navigation2_test/ros2_ws/build/base_driver/build install --record /home/zuiken/Documents/ROS2_Navigation2_test/ros2_ws/build/base_driver/install.log --single-version-externally-managed install_data
[1.949s] running egg_info
[1.949s] creating ../../build/base_driver/base_driver.egg-info
[1.986s] writing ../../build/base_driver/base_driver.egg-info/PKG-INFO
[1.987s] writing dependency_links to ../../build/base_driver/base_driver.egg-info/dependency_links.txt
[1.987s] writing entry points to ../../build/base_driver/base_driver.egg-info/entry_points.txt
[1.987s] writing requirements to ../../build/base_driver/base_driver.egg-info/requires.txt
[1.987s] writing top-level names to ../../build/base_driver/base_driver.egg-info/top_level.txt
[1.988s] writing manifest file '../../build/base_driver/base_driver.egg-info/SOURCES.txt'
[2.063s] reading manifest file '../../build/base_driver/base_driver.egg-info/SOURCES.txt'
[2.064s] writing manifest file '../../build/base_driver/base_driver.egg-info/SOURCES.txt'
[2.065s] running build
[2.065s] running build_py
[2.065s] creating /home/zuiken/Documents/ROS2_Navigation2_test/ros2_ws/build/base_driver/build
[2.065s] creating /home/zuiken/Documents/ROS2_Navigation2_test/ros2_ws/build/base_driver/build/lib
[2.065s] creating /home/zuiken/Documents/ROS2_Navigation2_test/ros2_ws/build/base_driver/build/lib/base_driver
[2.065s] copying base_driver/driver.py -> /home/zuiken/Documents/ROS2_Navigation2_test/ros2_ws/build/base_driver/build/lib/base_driver
[2.065s] copying base_driver/__init__.py -> /home/zuiken/Documents/ROS2_Navigation2_test/ros2_ws/build/base_driver/build/lib/base_driver
[2.066s] copying base_driver/encoder.py -> /home/zuiken/Documents/ROS2_Navigation2_test/ros2_ws/build/base_driver/build/lib/base_driver
[2.066s] running install
[2.075s] running install_lib
[2.114s] creating /home/zuiken/Documents/ROS2_Navigation2_test/ros2_ws/install/base_driver/lib/python3.12/site-packages/base_driver
[2.114s] copying /home/zuiken/Documents/ROS2_Navigation2_test/ros2_ws/build/base_driver/build/lib/base_driver/driver.py -> /home/zuiken/Documents/ROS2_Navigation2_test/ros2_ws/install/base_driver/lib/python3.12/site-packages/base_driver
[2.114s] copying /home/zuiken/Documents/ROS2_Navigation2_test/ros2_ws/build/base_driver/build/lib/base_driver/__init__.py -> /home/zuiken/Documents/ROS2_Navigation2_test/ros2_ws/install/base_driver/lib/python3.12/site-packages/base_driver
[2.114s] copying /home/zuiken/Documents/ROS2_Navigation2_test/ros2_ws/build/base_driver/build/lib/base_driver/encoder.py -> /home/zuiken/Documents/ROS2_Navigation2_test/ros2_ws/install/base_driver/lib/python3.12/site-packages/base_driver
[2.115s] byte-compiling /home/zuiken/Documents/ROS2_Navigation2_test/ros2_ws/install/base_driver/lib/python3.12/site-packages/base_driver/driver.py to driver.cpython-312.pyc
[2.117s] byte-compiling /home/zuiken/Documents/ROS2_Navigation2_test/ros2_ws/install/base_driver/lib/python3.12/site-packages/base_driver/__init__.py to __init__.cpython-312.pyc
[2.117s] byte-compiling /home/zuiken/Documents/ROS2_Navigation2_test/ros2_ws/install/base_driver/lib/python3.12/site-packages/base_driver/encoder.py to encoder.cpython-312.pyc
[2.119s] running install_data
[2.119s] creating /home/zuiken/Documents/ROS2_Navigation2_test/ros2_ws/install/base_driver/share/ament_index
[2.119s] creating /home/zuiken/Documents/ROS2_Navigation2_test/ros2_ws/install/base_driver/share/ament_index/resource_index
[2.119s] creating /home/zuiken/Documents/ROS2_Navigation2_test/ros2_ws/install/base_driver/share/ament_index/resource_index/packages
[2.120s] copying resource/base_driver -> /home/zuiken/Documents/ROS2_Navigation2_test/ros2_ws/install/base_driver/share/ament_index/resource_index/packages
[2.120s] copying package.xml -> /home/zuiken/Documents/ROS2_Navigation2_test/ros2_ws/install/base_driver/share/base_driver
[2.120s] creating /home/zuiken/Documents/ROS2_Navigation2_test/ros2_ws/install/base_driver/share/base_driver/launch
[2.120s] copying launch/base_driver.launch.py -> /home/zuiken/Documents/ROS2_Navigation2_test/ros2_ws/install/base_driver/share/base_driver/launch
[2.120s] creating /home/zuiken/Documents/ROS2_Navigation2_test/ros2_ws/install/base_driver/share/base_driver/urdf
[2.120s] copying urdf/robot.urdf.xml -> /home/zuiken/Documents/ROS2_Navigation2_test/ros2_ws/install/base_driver/share/base_driver/urdf
[2.120s] creating /home/zuiken/Documents/ROS2_Navigation2_test/ros2_ws/install/base_driver/share/base_driver/config
[2.121s] copying config/nav2_params.yaml -> /home/zuiken/Documents/ROS2_Navigation2_test/ros2_ws/install/base_driver/share/base_driver/config
[2.121s] copying launch/bringup.launch.py -> /home/zuiken/Documents/ROS2_Navigation2_test/ros2_ws/install/base_driver/share/base_driver/launch
[2.121s] running install_egg_info
[2.160s] Copying ../../build/base_driver/base_driver.egg-info to /home/zuiken/Documents/ROS2_Navigation2_test/ros2_ws/install/base_driver/lib/python3.12/site-packages/base_driver-0.0.0-py3.12.egg-info
[2.161s] running install_scripts
[2.406s] Installing base_driver script to /home/zuiken/Documents/ROS2_Navigation2_test/ros2_ws/install/base_driver/lib/base_driver
[2.406s] Installing encoder_odom script to /home/zuiken/Documents/ROS2_Navigation2_test/ros2_ws/install/base_driver/lib/base_driver
[2.406s] writing list of installed files to '/home/zuiken/Documents/ROS2_Navigation2_test/ros2_ws/build/base_driver/install.log'
[2.504s] Invoked command in '/home/zuiken/Documents/ROS2_Navigation2_test/ros2_ws/src/base_driver' returned '0': DEBUGINFOD_URLS=https://debuginfod.ubuntu.com PYTHONPATH=/home/zuiken/Documents/ROS2_Navigation2_test/ros2_ws/build/base_driver/prefix_override:/usr/lib/python3/dist-packages/colcon_core/task/python/colcon_distutils_commands:/home/zuiken/Documents/ROS2_Navigation2_test/ros2_ws/install/base_driver/lib/python3.12/site-packages:${PYTHONPATH} /usr/bin/python3 -W ignore:setup.py install is deprecated -W ignore:easy_install command is deprecated setup.py egg_info --egg-base ../../build/base_driver build --build-base /home/zuiken/Documents/ROS2_Navigation2_test/ros2_ws/build/base_driver/build install --record /home/zuiken/Documents/ROS2_Navigation2_test/ros2_ws/build/base_driver/install.log --single-version-externally-managed install_data
