[2.301s] Invoking command in '/home/zuiken/Documents/ROS2_Navigation2_test/ros2_ws/src/base_driver': DEBUGINFOD_URLS=https://debuginfod.ubuntu.com PYTHONPATH=/home/zuiken/Documents/ROS2_Navigation2_test/build/base_driver/prefix_override:/usr/lib/python3/dist-packages/colcon_core/task/python/colcon_distutils_commands:/home/zuiken/Documents/ROS2_Navigation2_test/install/base_driver/lib/python3.12/site-packages:${PYTHONPATH} /usr/bin/python3 -W ignore:setup.py install is deprecated -W ignore:easy_install command is deprecated setup.py egg_info --egg-base ../../../build/base_driver build --build-base /home/zuiken/Documents/ROS2_Navigation2_test/build/base_driver/build install --record /home/zuiken/Documents/ROS2_Navigation2_test/build/base_driver/install.log --single-version-externally-managed install_data
[2.904s] running egg_info
[2.959s] writing ../../../build/base_driver/base_driver.egg-info/PKG-INFO
[2.960s] writing dependency_links to ../../../build/base_driver/base_driver.egg-info/dependency_links.txt
[2.962s] writing entry points to ../../../build/base_driver/base_driver.egg-info/entry_points.txt
[2.963s] writing requirements to ../../../build/base_driver/base_driver.egg-info/requires.txt
[2.963s] writing top-level names to ../../../build/base_driver/base_driver.egg-info/top_level.txt
[3.072s] reading manifest file '../../../build/base_driver/base_driver.egg-info/SOURCES.txt'
[3.074s] writing manifest file '../../../build/base_driver/base_driver.egg-info/SOURCES.txt'
[3.074s] running build
[3.075s] running build_py
[3.075s] copying base_driver/driver.py -> /home/zuiken/Documents/ROS2_Navigation2_test/build/base_driver/build/lib/base_driver
[3.076s] copying base_driver/encoder.py -> /home/zuiken/Documents/ROS2_Navigation2_test/build/base_driver/build/lib/base_driver
[3.077s] running install
[3.089s] running install_lib
[3.135s] copying /home/zuiken/Documents/ROS2_Navigation2_test/build/base_driver/build/lib/base_driver/driver.py -> /home/zuiken/Documents/ROS2_Navigation2_test/install/base_driver/lib/python3.12/site-packages/base_driver
[3.136s] copying /home/zuiken/Documents/ROS2_Navigation2_test/build/base_driver/build/lib/base_driver/encoder.py -> /home/zuiken/Documents/ROS2_Navigation2_test/install/base_driver/lib/python3.12/site-packages/base_driver
[3.137s] byte-compiling /home/zuiken/Documents/ROS2_Navigation2_test/install/base_driver/lib/python3.12/site-packages/base_driver/driver.py to driver.cpython-312.pyc
[3.140s] byte-compiling /home/zuiken/Documents/ROS2_Navigation2_test/install/base_driver/lib/python3.12/site-packages/base_driver/encoder.py to encoder.cpython-312.pyc
[3.147s] running install_data
[3.148s] copying config/nav2_params.yaml -> /home/zuiken/Documents/ROS2_Navigation2_test/install/base_driver/share/base_driver/config
[3.149s] copying map/empty_map.yaml -> /home/zuiken/Documents/ROS2_Navigation2_test/install/base_driver/share/base_driver/map
[3.149s] copying map/make_map.py -> /home/zuiken/Documents/ROS2_Navigation2_test/install/base_driver/share/base_driver/map
[3.149s] copying map/my_map1.pgm -> /home/zuiken/Documents/ROS2_Navigation2_test/install/base_driver/share/base_driver/map
[3.151s] copying launch/bringup.launch.py -> /home/zuiken/Documents/ROS2_Navigation2_test/install/base_driver/share/base_driver/launch
[3.151s] running install_egg_info
[3.199s] removing '/home/zuiken/Documents/ROS2_Navigation2_test/install/base_driver/lib/python3.12/site-packages/base_driver-0.0.0-py3.12.egg-info' (and everything under it)
[3.199s] Copying ../../../build/base_driver/base_driver.egg-info to /home/zuiken/Documents/ROS2_Navigation2_test/install/base_driver/lib/python3.12/site-packages/base_driver-0.0.0-py3.12.egg-info
[3.203s] running install_scripts
[3.503s] Installing base_driver script to /home/zuiken/Documents/ROS2_Navigation2_test/install/base_driver/lib/base_driver
[3.504s] Installing encoder_odom script to /home/zuiken/Documents/ROS2_Navigation2_test/install/base_driver/lib/base_driver
[3.504s] Installing static_tf_pub script to /home/zuiken/Documents/ROS2_Navigation2_test/install/base_driver/lib/base_driver
[3.506s] writing list of installed files to '/home/zuiken/Documents/ROS2_Navigation2_test/build/base_driver/install.log'
[3.620s] Invoked command in '/home/zuiken/Documents/ROS2_Navigation2_test/ros2_ws/src/base_driver' returned '0': DEBUGINFOD_URLS=https://debuginfod.ubuntu.com PYTHONPATH=/home/zuiken/Documents/ROS2_Navigation2_test/build/base_driver/prefix_override:/usr/lib/python3/dist-packages/colcon_core/task/python/colcon_distutils_commands:/home/zuiken/Documents/ROS2_Navigation2_test/install/base_driver/lib/python3.12/site-packages:${PYTHONPATH} /usr/bin/python3 -W ignore:setup.py install is deprecated -W ignore:easy_install command is deprecated setup.py egg_info --egg-base ../../../build/base_driver build --build-base /home/zuiken/Documents/ROS2_Navigation2_test/build/base_driver/build install --record /home/zuiken/Documents/ROS2_Navigation2_test/build/base_driver/install.log --single-version-externally-managed install_data
