[0.160s] DEBUG:colcon:Command line arguments: ['/usr/bin/colcon', 'build']
[0.160s] DEBUG:colcon:Parsed command line arguments: Namespace(log_base=None, log_level=None, verb_name='build', build_base='build', install_base='install', merge_install=False, symlink_install=False, test_result_base=None, continue_on_error=False, executor='parallel', parallel_workers=4, event_handlers=None, ignore_user_meta=False, metas=['./colcon.meta'], base_paths=['.'], packages_ignore=None, packages_ignore_regex=None, paths=None, packages_up_to=None, packages_up_to_regex=None, packages_above=None, packages_above_and_dependencies=None, packages_above_depth=None, packages_select_by_dep=None, packages_skip_by_dep=None, packages_skip_up_to=None, packages_select_build_failed=False, packages_skip_build_finished=False, packages_select_test_failures=False, packages_skip_test_passed=False, packages_select=None, packages_skip=None, packages_select_regex=None, packages_skip_regex=None, packages_start=None, packages_end=None, allow_overriding=[], cmake_args=None, cmake_target=None, cmake_target_skip_unavailable=False, cmake_clean_cache=False, cmake_clean_first=False, cmake_force_configure=False, ament_cmake_args=None, catkin_cmake_args=None, catkin_skip_building_tests=False, mixin_files=None, mixin=None, verb_parser=<colcon_mixin.mixin.mixin_argument.MixinArgumentDecorator object at 0xffffa9d772f0>, verb_extension=<colcon_core.verb.build.BuildVerb object at 0xffffa9d76ff0>, main=<bound method BuildVerb.main of <colcon_core.verb.build.BuildVerb object at 0xffffa9d76ff0>>, mixin_verb=('build',))
[0.222s] Level 1:colcon.colcon_core.package_discovery:discover_packages(colcon_meta) check parameters
[0.222s] Level 1:colcon.colcon_core.package_discovery:discover_packages(recursive) check parameters
[0.222s] Level 1:colcon.colcon_core.package_discovery:discover_packages(ignore) check parameters
[0.223s] Level 1:colcon.colcon_core.package_discovery:discover_packages(path) check parameters
[0.223s] Level 1:colcon.colcon_core.package_discovery:discover_packages(colcon_meta) discover
[0.223s] Level 1:colcon.colcon_core.package_discovery:discover_packages(recursive) discover
[0.223s] INFO:colcon.colcon_core.package_discovery:Crawling recursively for packages in '/home/zuiken/Documents/ROS2_Navigation2_test/ros2_ws'
[0.223s] Level 1:colcon.colcon_core.package_identification:_identify(.) by extensions ['ignore', 'ignore_ament_install']
[0.223s] Level 1:colcon.colcon_core.package_identification:_identify(.) by extension 'ignore'
[0.223s] Level 1:colcon.colcon_core.package_identification:_identify(.) by extension 'ignore_ament_install'
[0.223s] Level 1:colcon.colcon_core.package_identification:_identify(.) by extensions ['colcon_pkg']
[0.223s] Level 1:colcon.colcon_core.package_identification:_identify(.) by extension 'colcon_pkg'
[0.223s] Level 1:colcon.colcon_core.package_identification:_identify(.) by extensions ['colcon_meta']
[0.223s] Level 1:colcon.colcon_core.package_identification:_identify(.) by extension 'colcon_meta'
[0.223s] Level 1:colcon.colcon_core.package_identification:_identify(.) by extensions ['ros']
[0.223s] Level 1:colcon.colcon_core.package_identification:_identify(.) by extension 'ros'
[0.267s] Level 1:colcon.colcon_core.package_identification:_identify(.) by extensions ['cmake', 'python']
[0.267s] Level 1:colcon.colcon_core.package_identification:_identify(.) by extension 'cmake'
[0.267s] Level 1:colcon.colcon_core.package_identification:_identify(.) by extension 'python'
[0.267s] Level 1:colcon.colcon_core.package_identification:_identify(.) by extensions ['python_setup_py']
[0.267s] Level 1:colcon.colcon_core.package_identification:_identify(.) by extension 'python_setup_py'
[0.267s] Level 1:colcon.colcon_core.package_identification:_identify(build) by extensions ['ignore', 'ignore_ament_install']
[0.267s] Level 1:colcon.colcon_core.package_identification:_identify(build) by extension 'ignore'
[0.268s] Level 1:colcon.colcon_core.package_identification:_identify(build) ignored
[0.268s] Level 1:colcon.colcon_core.package_identification:_identify(install) by extensions ['ignore', 'ignore_ament_install']
[0.268s] Level 1:colcon.colcon_core.package_identification:_identify(install) by extension 'ignore'
[0.268s] Level 1:colcon.colcon_core.package_identification:_identify(install) ignored
[0.268s] Level 1:colcon.colcon_core.package_identification:_identify(log) by extensions ['ignore', 'ignore_ament_install']
[0.268s] Level 1:colcon.colcon_core.package_identification:_identify(log) by extension 'ignore'
[0.268s] Level 1:colcon.colcon_core.package_identification:_identify(log) ignored
[0.268s] Level 1:colcon.colcon_core.package_identification:_identify(src) by extensions ['ignore', 'ignore_ament_install']
[0.268s] Level 1:colcon.colcon_core.package_identification:_identify(src) by extension 'ignore'
[0.269s] Level 1:colcon.colcon_core.package_identification:_identify(src) by extension 'ignore_ament_install'
[0.269s] Level 1:colcon.colcon_core.package_identification:_identify(src) by extensions ['colcon_pkg']
[0.269s] Level 1:colcon.colcon_core.package_identification:_identify(src) by extension 'colcon_pkg'
[0.269s] Level 1:colcon.colcon_core.package_identification:_identify(src) by extensions ['colcon_meta']
[0.269s] Level 1:colcon.colcon_core.package_identification:_identify(src) by extension 'colcon_meta'
[0.269s] Level 1:colcon.colcon_core.package_identification:_identify(src) by extensions ['ros']
[0.269s] Level 1:colcon.colcon_core.package_identification:_identify(src) by extension 'ros'
[0.269s] Level 1:colcon.colcon_core.package_identification:_identify(src) by extensions ['cmake', 'python']
[0.269s] Level 1:colcon.colcon_core.package_identification:_identify(src) by extension 'cmake'
[0.269s] Level 1:colcon.colcon_core.package_identification:_identify(src) by extension 'python'
[0.269s] Level 1:colcon.colcon_core.package_identification:_identify(src) by extensions ['python_setup_py']
[0.269s] Level 1:colcon.colcon_core.package_identification:_identify(src) by extension 'python_setup_py'
[0.269s] Level 1:colcon.colcon_core.package_identification:_identify(src/base_driver) by extensions ['ignore', 'ignore_ament_install']
[0.269s] Level 1:colcon.colcon_core.package_identification:_identify(src/base_driver) by extension 'ignore'
[0.269s] Level 1:colcon.colcon_core.package_identification:_identify(src/base_driver) by extension 'ignore_ament_install'
[0.269s] Level 1:colcon.colcon_core.package_identification:_identify(src/base_driver) by extensions ['colcon_pkg']
[0.269s] Level 1:colcon.colcon_core.package_identification:_identify(src/base_driver) by extension 'colcon_pkg'
[0.270s] Level 1:colcon.colcon_core.package_identification:_identify(src/base_driver) by extensions ['colcon_meta']
[0.270s] Level 1:colcon.colcon_core.package_identification:_identify(src/base_driver) by extension 'colcon_meta'
[0.270s] Level 1:colcon.colcon_core.package_identification:_identify(src/base_driver) by extensions ['ros']
[0.270s] Level 1:colcon.colcon_core.package_identification:_identify(src/base_driver) by extension 'ros'
[0.273s] DEBUG:colcon.colcon_core.package_identification:Package 'src/base_driver' with type 'ros.ament_python' and name 'base_driver'
[0.274s] Level 1:colcon.colcon_core.package_identification:_identify(src/build) by extensions ['ignore', 'ignore_ament_install']
[0.274s] Level 1:colcon.colcon_core.package_identification:_identify(src/build) by extension 'ignore'
[0.274s] Level 1:colcon.colcon_core.package_identification:_identify(src/build) ignored
[0.274s] Level 1:colcon.colcon_core.package_identification:_identify(src/install) by extensions ['ignore', 'ignore_ament_install']
[0.274s] Level 1:colcon.colcon_core.package_identification:_identify(src/install) by extension 'ignore'
[0.274s] Level 1:colcon.colcon_core.package_identification:_identify(src/install) ignored
[0.274s] Level 1:colcon.colcon_core.package_identification:_identify(src/log) by extensions ['ignore', 'ignore_ament_install']
[0.274s] Level 1:colcon.colcon_core.package_identification:_identify(src/log) by extension 'ignore'
[0.274s] Level 1:colcon.colcon_core.package_identification:_identify(src/log) ignored
[0.274s] Level 1:colcon.colcon_core.package_discovery:discover_packages(recursive) using defaults
[0.274s] Level 1:colcon.colcon_core.package_discovery:discover_packages(ignore) discover
[0.275s] Level 1:colcon.colcon_core.package_discovery:discover_packages(ignore) using defaults
[0.275s] Level 1:colcon.colcon_core.package_discovery:discover_packages(path) discover
[0.275s] Level 1:colcon.colcon_core.package_discovery:discover_packages(path) using defaults
[0.299s] Level 1:colcon.colcon_core.package_discovery:discover_packages(prefix_path) check parameters
[0.299s] Level 1:colcon.colcon_core.package_discovery:discover_packages(prefix_path) discover
[0.301s] DEBUG:colcon.colcon_installed_package_information.package_discovery:Found 1 installed packages in /home/zuiken/Documents/ROS2_Navigation2_test/ros2_ws/install
[0.304s] DEBUG:colcon.colcon_installed_package_information.package_discovery:Found 487 installed packages in /opt/ros/jazzy
[0.307s] Level 1:colcon.colcon_core.package_discovery:discover_packages(prefix_path) using defaults
[0.399s] Level 5:colcon.colcon_core.verb:set package 'base_driver' build argument 'cmake_args' from command line to 'None'
[0.399s] Level 5:colcon.colcon_core.verb:set package 'base_driver' build argument 'cmake_target' from command line to 'None'
[0.399s] Level 5:colcon.colcon_core.verb:set package 'base_driver' build argument 'cmake_target_skip_unavailable' from command line to 'False'
[0.399s] Level 5:colcon.colcon_core.verb:set package 'base_driver' build argument 'cmake_clean_cache' from command line to 'False'
[0.399s] Level 5:colcon.colcon_core.verb:set package 'base_driver' build argument 'cmake_clean_first' from command line to 'False'
[0.399s] Level 5:colcon.colcon_core.verb:set package 'base_driver' build argument 'cmake_force_configure' from command line to 'False'
[0.399s] Level 5:colcon.colcon_core.verb:set package 'base_driver' build argument 'ament_cmake_args' from command line to 'None'
[0.399s] Level 5:colcon.colcon_core.verb:set package 'base_driver' build argument 'catkin_cmake_args' from command line to 'None'
[0.399s] Level 5:colcon.colcon_core.verb:set package 'base_driver' build argument 'catkin_skip_building_tests' from command line to 'False'
[0.399s] DEBUG:colcon.colcon_core.verb:Building package 'base_driver' with the following arguments: {'ament_cmake_args': None, 'build_base': '/home/zuiken/Documents/ROS2_Navigation2_test/ros2_ws/build/base_driver', 'catkin_cmake_args': None, 'catkin_skip_building_tests': False, 'cmake_args': None, 'cmake_clean_cache': False, 'cmake_clean_first': False, 'cmake_force_configure': False, 'cmake_target': None, 'cmake_target_skip_unavailable': False, 'install_base': '/home/zuiken/Documents/ROS2_Navigation2_test/ros2_ws/install/base_driver', 'merge_install': False, 'path': '/home/zuiken/Documents/ROS2_Navigation2_test/ros2_ws/src/base_driver', 'symlink_install': False, 'test_result_base': None}
[0.400s] INFO:colcon.colcon_core.executor:Executing jobs using 'parallel' executor
[0.401s] DEBUG:colcon.colcon_parallel_executor.executor.parallel:run_until_complete
[0.402s] INFO:colcon.colcon_ros.task.ament_python.build:Building ROS package in '/home/zuiken/Documents/ROS2_Navigation2_test/ros2_ws/src/base_driver' with build type 'ament_python'
[0.402s] Level 1:colcon.colcon_core.shell:create_environment_hook('base_driver', 'ament_prefix_path')
[0.405s] INFO:colcon.colcon_core.plugin_system:Skipping extension 'colcon_core.shell.bat': Not used on non-Windows systems
[0.406s] INFO:colcon.colcon_core.shell:Creating environment hook '/home/zuiken/Documents/ROS2_Navigation2_test/ros2_ws/install/base_driver/share/base_driver/hook/ament_prefix_path.ps1'
[0.407s] INFO:colcon.colcon_core.shell:Creating environment descriptor '/home/zuiken/Documents/ROS2_Navigation2_test/ros2_ws/install/base_driver/share/base_driver/hook/ament_prefix_path.dsv'
[0.409s] INFO:colcon.colcon_core.shell:Creating environment hook '/home/zuiken/Documents/ROS2_Navigation2_test/ros2_ws/install/base_driver/share/base_driver/hook/ament_prefix_path.sh'
[0.411s] INFO:colcon.colcon_core.shell:Skip shell extension 'powershell' for command environment: Not usable outside of PowerShell
[0.412s] DEBUG:colcon.colcon_core.shell:Skip shell extension 'dsv' for command environment
[0.910s] INFO:colcon.colcon_core.task.python.build:Building Python package in '/home/zuiken/Documents/ROS2_Navigation2_test/ros2_ws/src/base_driver'
[0.911s] INFO:colcon.colcon_core.shell:Skip shell extension 'powershell' for command environment: Not usable outside of PowerShell
[0.911s] DEBUG:colcon.colcon_core.shell:Skip shell extension 'dsv' for command environment
[2.225s] DEBUG:colcon.colcon_core.event_handler.log_command:Invoking command in '/home/zuiken/Documents/ROS2_Navigation2_test/ros2_ws/src/base_driver': DEBUGINFOD_URLS=https://debuginfod.ubuntu.com PYTHONPATH=/home/zuiken/Documents/ROS2_Navigation2_test/ros2_ws/build/base_driver/prefix_override:/usr/lib/python3/dist-packages/colcon_core/task/python/colcon_distutils_commands:/home/zuiken/Documents/ROS2_Navigation2_test/ros2_ws/install/base_driver/lib/python3.12/site-packages:${PYTHONPATH} /usr/bin/python3 -W ignore:setup.py install is deprecated -W ignore:easy_install command is deprecated setup.py egg_info --egg-base ../../build/base_driver build --build-base /home/zuiken/Documents/ROS2_Navigation2_test/ros2_ws/build/base_driver/build install --record /home/zuiken/Documents/ROS2_Navigation2_test/ros2_ws/build/base_driver/install.log --single-version-externally-managed install_data
[3.629s] DEBUG:colcon.colcon_core.event_handler.log_command:Invoked command in '/home/zuiken/Documents/ROS2_Navigation2_test/ros2_ws/src/base_driver' returned '0': DEBUGINFOD_URLS=https://debuginfod.ubuntu.com PYTHONPATH=/home/zuiken/Documents/ROS2_Navigation2_test/ros2_ws/build/base_driver/prefix_override:/usr/lib/python3/dist-packages/colcon_core/task/python/colcon_distutils_commands:/home/zuiken/Documents/ROS2_Navigation2_test/ros2_ws/install/base_driver/lib/python3.12/site-packages:${PYTHONPATH} /usr/bin/python3 -W ignore:setup.py install is deprecated -W ignore:easy_install command is deprecated setup.py egg_info --egg-base ../../build/base_driver build --build-base /home/zuiken/Documents/ROS2_Navigation2_test/ros2_ws/build/base_driver/build install --record /home/zuiken/Documents/ROS2_Navigation2_test/ros2_ws/build/base_driver/install.log --single-version-externally-managed install_data
[3.632s] Level 1:colcon.colcon_core.environment:checking '/home/zuiken/Documents/ROS2_Navigation2_test/ros2_ws/install/base_driver' for CMake module files
[3.633s] Level 1:colcon.colcon_core.environment:checking '/home/zuiken/Documents/ROS2_Navigation2_test/ros2_ws/install/base_driver' for CMake config files
[3.634s] Level 1:colcon.colcon_core.environment:checking '/home/zuiken/Documents/ROS2_Navigation2_test/ros2_ws/install/base_driver/lib'
[3.635s] Level 1:colcon.colcon_core.environment:checking '/home/zuiken/Documents/ROS2_Navigation2_test/ros2_ws/install/base_driver/bin'
[3.635s] Level 1:colcon.colcon_core.environment:checking '/home/zuiken/Documents/ROS2_Navigation2_test/ros2_ws/install/base_driver/lib/pkgconfig/base_driver.pc'
[3.635s] Level 1:colcon.colcon_core.environment:checking '/home/zuiken/Documents/ROS2_Navigation2_test/ros2_ws/install/base_driver/lib/python3.12/site-packages'
[3.635s] Level 1:colcon.colcon_core.shell:create_environment_hook('base_driver', 'pythonpath')
[3.636s] INFO:colcon.colcon_core.shell:Creating environment hook '/home/zuiken/Documents/ROS2_Navigation2_test/ros2_ws/install/base_driver/share/base_driver/hook/pythonpath.ps1'
[3.637s] INFO:colcon.colcon_core.shell:Creating environment descriptor '/home/zuiken/Documents/ROS2_Navigation2_test/ros2_ws/install/base_driver/share/base_driver/hook/pythonpath.dsv'
[3.638s] INFO:colcon.colcon_core.shell:Creating environment hook '/home/zuiken/Documents/ROS2_Navigation2_test/ros2_ws/install/base_driver/share/base_driver/hook/pythonpath.sh'
[3.640s] Level 1:colcon.colcon_core.environment:checking '/home/zuiken/Documents/ROS2_Navigation2_test/ros2_ws/install/base_driver/bin'
[3.640s] Level 1:colcon.colcon_core.environment:create_environment_scripts_only(base_driver)
[3.641s] INFO:colcon.colcon_core.shell:Creating package script '/home/zuiken/Documents/ROS2_Navigation2_test/ros2_ws/install/base_driver/share/base_driver/package.ps1'
[3.644s] INFO:colcon.colcon_core.shell:Creating package descriptor '/home/zuiken/Documents/ROS2_Navigation2_test/ros2_ws/install/base_driver/share/base_driver/package.dsv'
[3.646s] INFO:colcon.colcon_core.shell:Creating package script '/home/zuiken/Documents/ROS2_Navigation2_test/ros2_ws/install/base_driver/share/base_driver/package.sh'
[3.648s] INFO:colcon.colcon_core.shell:Creating package script '/home/zuiken/Documents/ROS2_Navigation2_test/ros2_ws/install/base_driver/share/base_driver/package.bash'
[3.701s] INFO:colcon.colcon_core.shell:Creating package script '/home/zuiken/Documents/ROS2_Navigation2_test/ros2_ws/install/base_driver/share/base_driver/package.zsh'
[3.705s] Level 1:colcon.colcon_core.environment:create_file_with_runtime_dependencies(/home/zuiken/Documents/ROS2_Navigation2_test/ros2_ws/install/base_driver/share/colcon-core/packages/base_driver)
[3.706s] DEBUG:colcon.colcon_parallel_executor.executor.parallel:closing loop
[3.706s] DEBUG:colcon.colcon_parallel_executor.executor.parallel:loop closed
[3.706s] DEBUG:colcon.colcon_parallel_executor.executor.parallel:run_until_complete finished with '0'
[3.706s] DEBUG:colcon.colcon_core.event_reactor:joining thread
[3.720s] INFO:colcon.colcon_core.plugin_system:Skipping extension 'colcon_notification.desktop_notification.terminal_notifier': Not used on non-Darwin systems
[3.721s] INFO:colcon.colcon_core.plugin_system:Skipping extension 'colcon_notification.desktop_notification.win32': Not used on non-Windows systems
[3.721s] INFO:colcon.colcon_notification.desktop_notification:Sending desktop notification using 'notify2'
[3.782s] DEBUG:colcon.colcon_core.event_reactor:joined thread
[3.782s] INFO:colcon.colcon_core.shell:Creating prefix script '/home/zuiken/Documents/ROS2_Navigation2_test/ros2_ws/install/local_setup.ps1'
[3.784s] INFO:colcon.colcon_core.shell:Creating prefix util module '/home/zuiken/Documents/ROS2_Navigation2_test/ros2_ws/install/_local_setup_util_ps1.py'
[3.787s] INFO:colcon.colcon_core.shell:Creating prefix chain script '/home/zuiken/Documents/ROS2_Navigation2_test/ros2_ws/install/setup.ps1'
[3.790s] INFO:colcon.colcon_core.shell:Creating prefix script '/home/zuiken/Documents/ROS2_Navigation2_test/ros2_ws/install/local_setup.sh'
[3.794s] INFO:colcon.colcon_core.shell:Creating prefix util module '/home/zuiken/Documents/ROS2_Navigation2_test/ros2_ws/install/_local_setup_util_sh.py'
[3.796s] INFO:colcon.colcon_core.shell:Creating prefix chain script '/home/zuiken/Documents/ROS2_Navigation2_test/ros2_ws/install/setup.sh'
[3.799s] INFO:colcon.colcon_core.shell:Creating prefix script '/home/zuiken/Documents/ROS2_Navigation2_test/ros2_ws/install/local_setup.bash'
[3.800s] INFO:colcon.colcon_core.shell:Creating prefix chain script '/home/zuiken/Documents/ROS2_Navigation2_test/ros2_ws/install/setup.bash'
[3.803s] INFO:colcon.colcon_core.shell:Creating prefix script '/home/zuiken/Documents/ROS2_Navigation2_test/ros2_ws/install/local_setup.zsh'
[3.805s] INFO:colcon.colcon_core.shell:Creating prefix chain script '/home/zuiken/Documents/ROS2_Navigation2_test/ros2_ws/install/setup.zsh'
