[1.762s] Invoking command in '/home/zuiken/Documents/ROS2_Navigation2_test/ros2_ws/src/base_driver': DEBUGINFOD_URLS=https://debuginfod.ubuntu.com PYTHONPATH=/home/zuiken/Documents/ROS2_Navigation2_test/ros2_ws/build/base_driver/prefix_override:/usr/lib/python3/dist-packages/colcon_core/task/python/colcon_distutils_commands:/home/zuiken/Documents/ROS2_Navigation2_test/ros2_ws/install/base_driver/lib/python3.12/site-packages:${PYTHONPATH} /usr/bin/python3 -W ignore:setup.py install is deprecated -W ignore:easy_install command is deprecated setup.py egg_info --egg-base ../../build/base_driver build --build-base /home/zuiken/Documents/ROS2_Navigation2_test/ros2_ws/build/base_driver/build install --record /home/zuiken/Documents/ROS2_Navigation2_test/ros2_ws/build/base_driver/install.log --single-version-externally-managed install_data
[2.288s] running egg_info
[2.328s] writing ../../build/base_driver/base_driver.egg-info/PKG-INFO
[2.329s] writing dependency_links to ../../build/base_driver/base_driver.egg-info/dependency_links.txt
[2.330s] writing entry points to ../../build/base_driver/base_driver.egg-info/entry_points.txt
[2.331s] writing requirements to ../../build/base_driver/base_driver.egg-info/requires.txt
[2.331s] writing top-level names to ../../build/base_driver/base_driver.egg-info/top_level.txt
[2.431s] reading manifest file '../../build/base_driver/base_driver.egg-info/SOURCES.txt'
[2.433s] writing manifest file '../../build/base_driver/base_driver.egg-info/SOURCES.txt'
[2.434s] running build
[2.434s] running build_py
[2.434s] running install
[2.445s] running install_lib
[2.498s] running install_data
[2.498s] copying launch/bringup.launch.py -> /home/zuiken/Documents/ROS2_Navigation2_test/ros2_ws/install/base_driver/share/base_driver/launch
[2.499s] running install_egg_info
[2.544s] removing '/home/zuiken/Documents/ROS2_Navigation2_test/ros2_ws/install/base_driver/lib/python3.12/site-packages/base_driver-0.0.0-py3.12.egg-info' (and everything under it)
[2.545s] Copying ../../build/base_driver/base_driver.egg-info to /home/zuiken/Documents/ROS2_Navigation2_test/ros2_ws/install/base_driver/lib/python3.12/site-packages/base_driver-0.0.0-py3.12.egg-info
[2.556s] running install_scripts
[2.839s] Installing base_driver script to /home/zuiken/Documents/ROS2_Navigation2_test/ros2_ws/install/base_driver/lib/base_driver
[2.839s] Installing encoder_odom script to /home/zuiken/Documents/ROS2_Navigation2_test/ros2_ws/install/base_driver/lib/base_driver
[2.841s] Installing static_tf_pub script to /home/zuiken/Documents/ROS2_Navigation2_test/ros2_ws/install/base_driver/lib/base_driver
[2.842s] writing list of installed files to '/home/zuiken/Documents/ROS2_Navigation2_test/ros2_ws/build/base_driver/install.log'
[2.963s] Invoked command in '/home/zuiken/Documents/ROS2_Navigation2_test/ros2_ws/src/base_driver' returned '0': DEBUGINFOD_URLS=https://debuginfod.ubuntu.com PYTHONPATH=/home/zuiken/Documents/ROS2_Navigation2_test/ros2_ws/build/base_driver/prefix_override:/usr/lib/python3/dist-packages/colcon_core/task/python/colcon_distutils_commands:/home/zuiken/Documents/ROS2_Navigation2_test/ros2_ws/install/base_driver/lib/python3.12/site-packages:${PYTHONPATH} /usr/bin/python3 -W ignore:setup.py install is deprecated -W ignore:easy_install command is deprecated setup.py egg_info --egg-base ../../build/base_driver build --build-base /home/zuiken/Documents/ROS2_Navigation2_test/ros2_ws/build/base_driver/build install --record /home/zuiken/Documents/ROS2_Navigation2_test/ros2_ws/build/base_driver/install.log --single-version-externally-managed install_data
