[1.501s] Invoking command in '/home/zuiken/Documents/ROS2_Navigation2_test/ros2_ws/src/base_driver': DEBUGINFOD_URLS=https://debuginfod.ubuntu.com PYTHONPATH=/home/zuiken/Documents/ROS2_Navigation2_test/build/base_driver/prefix_override:/usr/lib/python3/dist-packages/colcon_core/task/python/colcon_distutils_commands:/home/zuiken/Documents/ROS2_Navigation2_test/install/base_driver/lib/python3.12/site-packages:${PYTHONPATH} /usr/bin/python3 -W ignore:setup.py install is deprecated -W ignore:easy_install command is deprecated setup.py egg_info --egg-base ../../../build/base_driver build --build-base /home/zuiken/Documents/ROS2_Navigation2_test/build/base_driver/build install --record /home/zuiken/Documents/ROS2_Navigation2_test/build/base_driver/install.log --single-version-externally-managed install_data
[1.966s] running egg_info
[2.004s] writing ../../../build/base_driver/base_driver.egg-info/PKG-INFO
[2.004s] writing dependency_links to ../../../build/base_driver/base_driver.egg-info/dependency_links.txt
[2.005s] writing entry points to ../../../build/base_driver/base_driver.egg-info/entry_points.txt
[2.006s] writing requirements to ../../../build/base_driver/base_driver.egg-info/requires.txt
[2.006s] writing top-level names to ../../../build/base_driver/base_driver.egg-info/top_level.txt
[2.084s] reading manifest file '../../../build/base_driver/base_driver.egg-info/SOURCES.txt'
[2.085s] writing manifest file '../../../build/base_driver/base_driver.egg-info/SOURCES.txt'
[2.085s] running build
[2.085s] running build_py
[2.086s] running install
[2.095s] running install_lib
[2.134s] running install_data
[2.134s] copying launch/base_driver.launch.py -> /home/zuiken/Documents/ROS2_Navigation2_test/install/base_driver/share/base_driver/launch
[2.135s] running install_egg_info
[2.175s] removing '/home/zuiken/Documents/ROS2_Navigation2_test/install/base_driver/lib/python3.12/site-packages/base_driver-0.0.0-py3.12.egg-info' (and everything under it)
[2.175s] Copying ../../../build/base_driver/base_driver.egg-info to /home/zuiken/Documents/ROS2_Navigation2_test/install/base_driver/lib/python3.12/site-packages/base_driver-0.0.0-py3.12.egg-info
[2.176s] running install_scripts
[2.423s] Installing base_driver script to /home/zuiken/Documents/ROS2_Navigation2_test/install/base_driver/lib/base_driver
[2.423s] Installing encoder_odom script to /home/zuiken/Documents/ROS2_Navigation2_test/install/base_driver/lib/base_driver
[2.424s] Installing static_tf_pub script to /home/zuiken/Documents/ROS2_Navigation2_test/install/base_driver/lib/base_driver
[2.425s] writing list of installed files to '/home/zuiken/Documents/ROS2_Navigation2_test/build/base_driver/install.log'
[2.523s] Invoked command in '/home/zuiken/Documents/ROS2_Navigation2_test/ros2_ws/src/base_driver' returned '0': DEBUGINFOD_URLS=https://debuginfod.ubuntu.com PYTHONPATH=/home/zuiken/Documents/ROS2_Navigation2_test/build/base_driver/prefix_override:/usr/lib/python3/dist-packages/colcon_core/task/python/colcon_distutils_commands:/home/zuiken/Documents/ROS2_Navigation2_test/install/base_driver/lib/python3.12/site-packages:${PYTHONPATH} /usr/bin/python3 -W ignore:setup.py install is deprecated -W ignore:easy_install command is deprecated setup.py egg_info --egg-base ../../../build/base_driver build --build-base /home/zuiken/Documents/ROS2_Navigation2_test/build/base_driver/build install --record /home/zuiken/Documents/ROS2_Navigation2_test/build/base_driver/install.log --single-version-externally-managed install_data
