[2.361s] Invoking command in '/home/zuiken/Documents/ROS2_Navigation2_test/ros2_ws/src/base_driver': DEBUGINFOD_URLS=https://debuginfod.ubuntu.com PYTHONPATH=/home/zuiken/Documents/ROS2_Navigation2_test/ros2_ws/build/base_driver/prefix_override:/usr/lib/python3/dist-packages/colcon_core/task/python/colcon_distutils_commands:/home/zuiken/Documents/ROS2_Navigation2_test/ros2_ws/install/base_driver/lib/python3.12/site-packages:${PYTHONPATH} /usr/bin/python3 -W ignore:setup.py install is deprecated -W ignore:easy_install command is deprecated setup.py egg_info --egg-base ../../build/base_driver build --build-base /home/zuiken/Documents/ROS2_Navigation2_test/ros2_ws/build/base_driver/build install --record /home/zuiken/Documents/ROS2_Navigation2_test/ros2_ws/build/base_driver/install.log --single-version-externally-managed install_data
[2.887s] running egg_info
[2.929s] writing ../../build/base_driver/base_driver.egg-info/PKG-INFO
[2.930s] writing dependency_links to ../../build/base_driver/base_driver.egg-info/dependency_links.txt
[2.932s] writing entry points to ../../build/base_driver/base_driver.egg-info/entry_points.txt
[2.933s] writing requirements to ../../build/base_driver/base_driver.egg-info/requires.txt
[2.933s] writing top-level names to ../../build/base_driver/base_driver.egg-info/top_level.txt
[3.051s] reading manifest file '../../build/base_driver/base_driver.egg-info/SOURCES.txt'
[3.052s] writing manifest file '../../build/base_driver/base_driver.egg-info/SOURCES.txt'
[3.053s] running build
[3.054s] running build_py
[3.054s] running install
[3.064s] running install_lib
[3.107s] running install_data
[3.107s] running install_egg_info
[3.154s] removing '/home/zuiken/Documents/ROS2_Navigation2_test/ros2_ws/install/base_driver/lib/python3.12/site-packages/base_driver-0.0.0-py3.12.egg-info' (and everything under it)
[3.156s] Copying ../../build/base_driver/base_driver.egg-info to /home/zuiken/Documents/ROS2_Navigation2_test/ros2_ws/install/base_driver/lib/python3.12/site-packages/base_driver-0.0.0-py3.12.egg-info
[3.162s] running install_scripts
[3.441s] Installing base_driver script to /home/zuiken/Documents/ROS2_Navigation2_test/ros2_ws/install/base_driver/lib/base_driver
[3.442s] Installing encoder_odom script to /home/zuiken/Documents/ROS2_Navigation2_test/ros2_ws/install/base_driver/lib/base_driver
[3.444s] Installing static_tf_pub script to /home/zuiken/Documents/ROS2_Navigation2_test/ros2_ws/install/base_driver/lib/base_driver
[3.445s] writing list of installed files to '/home/zuiken/Documents/ROS2_Navigation2_test/ros2_ws/build/base_driver/install.log'
[3.626s] Invoked command in '/home/zuiken/Documents/ROS2_Navigation2_test/ros2_ws/src/base_driver' returned '0': DEBUGINFOD_URLS=https://debuginfod.ubuntu.com PYTHONPATH=/home/zuiken/Documents/ROS2_Navigation2_test/ros2_ws/build/base_driver/prefix_override:/usr/lib/python3/dist-packages/colcon_core/task/python/colcon_distutils_commands:/home/zuiken/Documents/ROS2_Navigation2_test/ros2_ws/install/base_driver/lib/python3.12/site-packages:${PYTHONPATH} /usr/bin/python3 -W ignore:setup.py install is deprecated -W ignore:easy_install command is deprecated setup.py egg_info --egg-base ../../build/base_driver build --build-base /home/zuiken/Documents/ROS2_Navigation2_test/ros2_ws/build/base_driver/build install --record /home/zuiken/Documents/ROS2_Navigation2_test/ros2_ws/build/base_driver/install.log --single-version-externally-managed install_data
