[1.692s] Invoking command in '/home/zuiken/Documents/ROS2_Navigation2_test/ros2_ws/src/base_driver': DEBUGINFOD_URLS=https://debuginfod.ubuntu.com PYTHONPATH=/home/zuiken/Documents/ROS2_Navigation2_test/ros2_ws/src/build/base_driver/prefix_override:/usr/lib/python3/dist-packages/colcon_core/task/python/colcon_distutils_commands:/home/zuiken/Documents/ROS2_Navigation2_test/ros2_ws/src/install/base_driver/lib/python3.12/site-packages:${PYTHONPATH} /usr/bin/python3 -W ignore:setup.py install is deprecated -W ignore:easy_install command is deprecated setup.py egg_info --egg-base ../build/base_driver build --build-base /home/zuiken/Documents/ROS2_Navigation2_test/ros2_ws/src/build/base_driver/build install --record /home/zuiken/Documents/ROS2_Navigation2_test/ros2_ws/src/build/base_driver/install.log --single-version-externally-managed install_data
[2.201s] running egg_info
[2.243s] writing ../build/base_driver/base_driver.egg-info/PKG-INFO
[2.245s] writing dependency_links to ../build/base_driver/base_driver.egg-info/dependency_links.txt
[2.248s] writing entry points to ../build/base_driver/base_driver.egg-info/entry_points.txt
[2.249s] writing requirements to ../build/base_driver/base_driver.egg-info/requires.txt
[2.251s] writing top-level names to ../build/base_driver/base_driver.egg-info/top_level.txt
[2.338s] reading manifest file '../build/base_driver/base_driver.egg-info/SOURCES.txt'
[2.340s] writing manifest file '../build/base_driver/base_driver.egg-info/SOURCES.txt'
[2.341s] running build
[2.341s] running build_py
[2.343s] copying base_driver/driver.py -> /home/zuiken/Documents/ROS2_Navigation2_test/ros2_ws/src/build/base_driver/build/lib/base_driver
[2.346s] running install
[2.361s] running install_lib
[2.400s] copying /home/zuiken/Documents/ROS2_Navigation2_test/ros2_ws/src/build/base_driver/build/lib/base_driver/driver.py -> /home/zuiken/Documents/ROS2_Navigation2_test/ros2_ws/src/install/base_driver/lib/python3.12/site-packages/base_driver
[2.401s] byte-compiling /home/zuiken/Documents/ROS2_Navigation2_test/ros2_ws/src/install/base_driver/lib/python3.12/site-packages/base_driver/driver.py to driver.cpython-312.pyc
[2.403s] running install_data
[2.404s] running install_egg_info
[2.453s] removing '/home/zuiken/Documents/ROS2_Navigation2_test/ros2_ws/src/install/base_driver/lib/python3.12/site-packages/base_driver-0.0.0-py3.12.egg-info' (and everything under it)
[2.456s] Copying ../build/base_driver/base_driver.egg-info to /home/zuiken/Documents/ROS2_Navigation2_test/ros2_ws/src/install/base_driver/lib/python3.12/site-packages/base_driver-0.0.0-py3.12.egg-info
[2.458s] running install_scripts
[2.744s] Installing drive script to /home/zuiken/Documents/ROS2_Navigation2_test/ros2_ws/src/install/base_driver/lib/base_driver
[2.745s] Installing encoder script to /home/zuiken/Documents/ROS2_Navigation2_test/ros2_ws/src/install/base_driver/lib/base_driver
[2.749s] writing list of installed files to '/home/zuiken/Documents/ROS2_Navigation2_test/ros2_ws/src/build/base_driver/install.log'
[2.863s] Invoked command in '/home/zuiken/Documents/ROS2_Navigation2_test/ros2_ws/src/base_driver' returned '0': DEBUGINFOD_URLS=https://debuginfod.ubuntu.com PYTHONPATH=/home/zuiken/Documents/ROS2_Navigation2_test/ros2_ws/src/build/base_driver/prefix_override:/usr/lib/python3/dist-packages/colcon_core/task/python/colcon_distutils_commands:/home/zuiken/Documents/ROS2_Navigation2_test/ros2_ws/src/install/base_driver/lib/python3.12/site-packages:${PYTHONPATH} /usr/bin/python3 -W ignore:setup.py install is deprecated -W ignore:easy_install command is deprecated setup.py egg_info --egg-base ../build/base_driver build --build-base /home/zuiken/Documents/ROS2_Navigation2_test/ros2_ws/src/build/base_driver/build install --record /home/zuiken/Documents/ROS2_Navigation2_test/ros2_ws/src/build/base_driver/install.log --single-version-externally-managed install_data
