[2.198s] Invoking command in '/home/zuiken/Documents/ROS2_Navigation2_test/ros2_ws/src/base_driver': DEBUGINFOD_URLS=https://debuginfod.ubuntu.com PYTHONPATH=/home/zuiken/Documents/ROS2_Navigation2_test/ros2_ws/build/base_driver/prefix_override:/usr/lib/python3/dist-packages/colcon_core/task/python/colcon_distutils_commands:/home/zuiken/Documents/ROS2_Navigation2_test/ros2_ws/install/base_driver/lib/python3.12/site-packages:${PYTHONPATH} /usr/bin/python3 -W ignore:setup.py install is deprecated -W ignore:easy_install command is deprecated setup.py egg_info --egg-base ../../build/base_driver build --build-base /home/zuiken/Documents/ROS2_Navigation2_test/ros2_ws/build/base_driver/build install --record /home/zuiken/Documents/ROS2_Navigation2_test/ros2_ws/build/base_driver/install.log --single-version-externally-managed install_data
[2.703s] running egg_info
[2.745s] writing ../../build/base_driver/base_driver.egg-info/PKG-INFO
[2.747s] writing dependency_links to ../../build/base_driver/base_driver.egg-info/dependency_links.txt
[2.751s] writing entry points to ../../build/base_driver/base_driver.egg-info/entry_points.txt
[2.752s] writing requirements to ../../build/base_driver/base_driver.egg-info/requires.txt
[2.753s] writing top-level names to ../../build/base_driver/base_driver.egg-info/top_level.txt
[2.839s] reading manifest file '../../build/base_driver/base_driver.egg-info/SOURCES.txt'
[2.841s] writing manifest file '../../build/base_driver/base_driver.egg-info/SOURCES.txt'
[2.841s] running build
[2.841s] running build_py
[2.842s] copying base_driver/encoder.py -> /home/zuiken/Documents/ROS2_Navigation2_test/ros2_ws/build/base_driver/build/lib/base_driver
[2.842s] running install
[2.857s] running install_lib
[2.898s] copying /home/zuiken/Documents/ROS2_Navigation2_test/ros2_ws/build/base_driver/build/lib/base_driver/encoder.py -> /home/zuiken/Documents/ROS2_Navigation2_test/ros2_ws/install/base_driver/lib/python3.12/site-packages/base_driver
[2.899s] byte-compiling /home/zuiken/Documents/ROS2_Navigation2_test/ros2_ws/install/base_driver/lib/python3.12/site-packages/base_driver/encoder.py to encoder.cpython-312.pyc
[2.902s] running install_data
[2.902s] running install_egg_info
[2.945s] removing '/home/zuiken/Documents/ROS2_Navigation2_test/ros2_ws/install/base_driver/lib/python3.12/site-packages/base_driver-0.0.0-py3.12.egg-info' (and everything under it)
[2.946s] Copying ../../build/base_driver/base_driver.egg-info to /home/zuiken/Documents/ROS2_Navigation2_test/ros2_ws/install/base_driver/lib/python3.12/site-packages/base_driver-0.0.0-py3.12.egg-info
[2.957s] running install_scripts
[3.235s] Installing drive script to /home/zuiken/Documents/ROS2_Navigation2_test/ros2_ws/install/base_driver/lib/base_driver
[3.236s] Installing encoder script to /home/zuiken/Documents/ROS2_Navigation2_test/ros2_ws/install/base_driver/lib/base_driver
[3.239s] writing list of installed files to '/home/zuiken/Documents/ROS2_Navigation2_test/ros2_ws/build/base_driver/install.log'
[3.343s] Invoked command in '/home/zuiken/Documents/ROS2_Navigation2_test/ros2_ws/src/base_driver' returned '0': DEBUGINFOD_URLS=https://debuginfod.ubuntu.com PYTHONPATH=/home/zuiken/Documents/ROS2_Navigation2_test/ros2_ws/build/base_driver/prefix_override:/usr/lib/python3/dist-packages/colcon_core/task/python/colcon_distutils_commands:/home/zuiken/Documents/ROS2_Navigation2_test/ros2_ws/install/base_driver/lib/python3.12/site-packages:${PYTHONPATH} /usr/bin/python3 -W ignore:setup.py install is deprecated -W ignore:easy_install command is deprecated setup.py egg_info --egg-base ../../build/base_driver build --build-base /home/zuiken/Documents/ROS2_Navigation2_test/ros2_ws/build/base_driver/build install --record /home/zuiken/Documents/ROS2_Navigation2_test/ros2_ws/build/base_driver/install.log --single-version-externally-managed install_data
