[0.325s] DEBUG:colcon:Command line arguments: ['/usr/bin/colcon', 'build']
[0.325s] DEBUG:colcon:Parsed command line arguments: Namespace(log_base=None, log_level=None, verb_name='build', build_base='build', install_base='install', merge_install=False, symlink_install=False, test_result_base=None, continue_on_error=False, executor='parallel', parallel_workers=4, event_handlers=None, ignore_user_meta=False, metas=['./colcon.meta'], base_paths=['.'], packages_ignore=None, packages_ignore_regex=None, paths=None, packages_up_to=None, packages_up_to_regex=None, packages_above=None, packages_above_and_dependencies=None, packages_above_depth=None, packages_select_by_dep=None, packages_skip_by_dep=None, packages_skip_up_to=None, packages_select_build_failed=False, packages_skip_build_finished=False, packages_select_test_failures=False, packages_skip_test_passed=False, packages_select=None, packages_skip=None, packages_select_regex=None, packages_skip_regex=None, packages_start=None, packages_end=None, allow_overriding=[], cmake_args=None, cmake_target=None, cmake_target_skip_unavailable=False, cmake_clean_cache=False, cmake_clean_first=False, cmake_force_configure=False, ament_cmake_args=None, catkin_cmake_args=None, catkin_skip_building_tests=False, mixin_files=None, mixin=None, verb_parser=<colcon_mixin.mixin.mixin_argument.MixinArgumentDecorator object at 0xffff8235e9c0>, verb_extension=<colcon_core.verb.build.BuildVerb object at 0xffff8235e6c0>, main=<bound method BuildVerb.main of <colcon_core.verb.build.BuildVerb object at 0xffff8235e6c0>>, mixin_verb=('build',))
[0.477s] Level 1:colcon.colcon_core.package_discovery:discover_packages(colcon_meta) check parameters
[0.477s] Level 1:colcon.colcon_core.package_discovery:discover_packages(recursive) check parameters
[0.477s] Level 1:colcon.colcon_core.package_discovery:discover_packages(ignore) check parameters
[0.478s] Level 1:colcon.colcon_core.package_discovery:discover_packages(path) check parameters
[0.478s] Level 1:colcon.colcon_core.package_discovery:discover_packages(colcon_meta) discover
[0.478s] Level 1:colcon.colcon_core.package_discovery:discover_packages(recursive) discover
[0.478s] INFO:colcon.colcon_core.package_discovery:Crawling recursively for packages in '/home/zuiken/Documents/ROS2_Navigation2_test/ros2_ws'
[0.478s] Level 1:colcon.colcon_core.package_identification:_identify(.) by extensions ['ignore', 'ignore_ament_install']
[0.478s] Level 1:colcon.colcon_core.package_identification:_identify(.) by extension 'ignore'
[0.478s] Level 1:colcon.colcon_core.package_identification:_identify(.) by extension 'ignore_ament_install'
[0.478s] Level 1:colcon.colcon_core.package_identification:_identify(.) by extensions ['colcon_pkg']
[0.478s] Level 1:colcon.colcon_core.package_identification:_identify(.) by extension 'colcon_pkg'
[0.478s] Level 1:colcon.colcon_core.package_identification:_identify(.) by extensions ['colcon_meta']
[0.478s] Level 1:colcon.colcon_core.package_identification:_identify(.) by extension 'colcon_meta'
[0.478s] Level 1:colcon.colcon_core.package_identification:_identify(.) by extensions ['ros']
[0.479s] Level 1:colcon.colcon_core.package_identification:_identify(.) by extension 'ros'
[0.518s] Level 1:colcon.colcon_core.package_identification:_identify(.) by extensions ['cmake', 'python']
[0.518s] Level 1:colcon.colcon_core.package_identification:_identify(.) by extension 'cmake'
[0.518s] Level 1:colcon.colcon_core.package_identification:_identify(.) by extension 'python'
[0.518s] Level 1:colcon.colcon_core.package_identification:_identify(.) by extensions ['python_setup_py']
[0.518s] Level 1:colcon.colcon_core.package_identification:_identify(.) by extension 'python_setup_py'
[0.518s] Level 1:colcon.colcon_core.package_identification:_identify(build) by extensions ['ignore', 'ignore_ament_install']
[0.518s] Level 1:colcon.colcon_core.package_identification:_identify(build) by extension 'ignore'
[0.518s] Level 1:colcon.colcon_core.package_identification:_identify(build) ignored
[0.518s] Level 1:colcon.colcon_core.package_identification:_identify(install) by extensions ['ignore', 'ignore_ament_install']
[0.519s] Level 1:colcon.colcon_core.package_identification:_identify(install) by extension 'ignore'
[0.519s] Level 1:colcon.colcon_core.package_identification:_identify(install) ignored
[0.519s] Level 1:colcon.colcon_core.package_identification:_identify(log) by extensions ['ignore', 'ignore_ament_install']
[0.519s] Level 1:colcon.colcon_core.package_identification:_identify(log) by extension 'ignore'
[0.519s] Level 1:colcon.colcon_core.package_identification:_identify(log) ignored
[0.519s] Level 1:colcon.colcon_core.package_identification:_identify(src) by extensions ['ignore', 'ignore_ament_install']
[0.519s] Level 1:colcon.colcon_core.package_identification:_identify(src) by extension 'ignore'
[0.519s] Level 1:colcon.colcon_core.package_identification:_identify(src) by extension 'ignore_ament_install'
[0.519s] Level 1:colcon.colcon_core.package_identification:_identify(src) by extensions ['colcon_pkg']
[0.519s] Level 1:colcon.colcon_core.package_identification:_identify(src) by extension 'colcon_pkg'
[0.519s] Level 1:colcon.colcon_core.package_identification:_identify(src) by extensions ['colcon_meta']
[0.519s] Level 1:colcon.colcon_core.package_identification:_identify(src) by extension 'colcon_meta'
[0.519s] Level 1:colcon.colcon_core.package_identification:_identify(src) by extensions ['ros']
[0.519s] Level 1:colcon.colcon_core.package_identification:_identify(src) by extension 'ros'
[0.519s] Level 1:colcon.colcon_core.package_identification:_identify(src) by extensions ['cmake', 'python']
[0.520s] Level 1:colcon.colcon_core.package_identification:_identify(src) by extension 'cmake'
[0.520s] Level 1:colcon.colcon_core.package_identification:_identify(src) by extension 'python'
[0.520s] Level 1:colcon.colcon_core.package_identification:_identify(src) by extensions ['python_setup_py']
[0.520s] Level 1:colcon.colcon_core.package_identification:_identify(src) by extension 'python_setup_py'
[0.520s] Level 1:colcon.colcon_core.package_identification:_identify(src/base_driver) by extensions ['ignore', 'ignore_ament_install']
[0.520s] Level 1:colcon.colcon_core.package_identification:_identify(src/base_driver) by extension 'ignore'
[0.520s] Level 1:colcon.colcon_core.package_identification:_identify(src/base_driver) by extension 'ignore_ament_install'
[0.520s] Level 1:colcon.colcon_core.package_identification:_identify(src/base_driver) by extensions ['colcon_pkg']
[0.520s] Level 1:colcon.colcon_core.package_identification:_identify(src/base_driver) by extension 'colcon_pkg'
[0.520s] Level 1:colcon.colcon_core.package_identification:_identify(src/base_driver) by extensions ['colcon_meta']
[0.520s] Level 1:colcon.colcon_core.package_identification:_identify(src/base_driver) by extension 'colcon_meta'
[0.520s] Level 1:colcon.colcon_core.package_identification:_identify(src/base_driver) by extensions ['ros']
[0.520s] Level 1:colcon.colcon_core.package_identification:_identify(src/base_driver) by extension 'ros'
[0.525s] DEBUG:colcon.colcon_core.package_identification:Package 'src/base_driver' with type 'ros.ament_python' and name 'base_driver'
[0.526s] Level 1:colcon.colcon_core.package_discovery:discover_packages(recursive) using defaults
[0.526s] Level 1:colcon.colcon_core.package_discovery:discover_packages(ignore) discover
[0.526s] Level 1:colcon.colcon_core.package_discovery:discover_packages(ignore) using defaults
[0.526s] Level 1:colcon.colcon_core.package_discovery:discover_packages(path) discover
[0.526s] Level 1:colcon.colcon_core.package_discovery:discover_packages(path) using defaults
[0.568s] Level 1:colcon.colcon_core.package_discovery:discover_packages(prefix_path) check parameters
[0.568s] Level 1:colcon.colcon_core.package_discovery:discover_packages(prefix_path) discover
[0.576s] DEBUG:colcon.colcon_installed_package_information.package_discovery:Found 486 installed packages in /opt/ros/jazzy
[0.580s] Level 1:colcon.colcon_core.package_discovery:discover_packages(prefix_path) using defaults
[0.675s] Level 5:colcon.colcon_core.verb:set package 'base_driver' build argument 'cmake_args' from command line to 'None'
[0.676s] Level 5:colcon.colcon_core.verb:set package 'base_driver' build argument 'cmake_target' from command line to 'None'
[0.676s] Level 5:colcon.colcon_core.verb:set package 'base_driver' build argument 'cmake_target_skip_unavailable' from command line to 'False'
[0.676s] Level 5:colcon.colcon_core.verb:set package 'base_driver' build argument 'cmake_clean_cache' from command line to 'False'
[0.676s] Level 5:colcon.colcon_core.verb:set package 'base_driver' build argument 'cmake_clean_first' from command line to 'False'
[0.676s] Level 5:colcon.colcon_core.verb:set package 'base_driver' build argument 'cmake_force_configure' from command line to 'False'
[0.676s] Level 5:colcon.colcon_core.verb:set package 'base_driver' build argument 'ament_cmake_args' from command line to 'None'
[0.676s] Level 5:colcon.colcon_core.verb:set package 'base_driver' build argument 'catkin_cmake_args' from command line to 'None'
[0.676s] Level 5:colcon.colcon_core.verb:set package 'base_driver' build argument 'catkin_skip_building_tests' from command line to 'False'
[0.676s] DEBUG:colcon.colcon_core.verb:Building package 'base_driver' with the following arguments: {'ament_cmake_args': None, 'build_base': '/home/zuiken/Documents/ROS2_Navigation2_test/ros2_ws/build/base_driver', 'catkin_cmake_args': None, 'catkin_skip_building_tests': False, 'cmake_args': None, 'cmake_clean_cache': False, 'cmake_clean_first': False, 'cmake_force_configure': False, 'cmake_target': None, 'cmake_target_skip_unavailable': False, 'install_base': '/home/zuiken/Documents/ROS2_Navigation2_test/ros2_ws/install/base_driver', 'merge_install': False, 'path': '/home/zuiken/Documents/ROS2_Navigation2_test/ros2_ws/src/base_driver', 'symlink_install': False, 'test_result_base': None}
[0.676s] INFO:colcon.colcon_core.executor:Executing jobs using 'parallel' executor
[0.677s] DEBUG:colcon.colcon_parallel_executor.executor.parallel:run_until_complete
[0.678s] INFO:colcon.colcon_ros.task.ament_python.build:Building ROS package in '/home/zuiken/Documents/ROS2_Navigation2_test/ros2_ws/src/base_driver' with build type 'ament_python'
[0.678s] Level 1:colcon.colcon_core.shell:create_environment_hook('base_driver', 'ament_prefix_path')
[0.691s] INFO:colcon.colcon_core.plugin_system:Skipping extension 'colcon_core.shell.bat': Not used on non-Windows systems
[0.692s] INFO:colcon.colcon_core.shell:Creating environment hook '/home/zuiken/Documents/ROS2_Navigation2_test/ros2_ws/install/base_driver/share/base_driver/hook/ament_prefix_path.ps1'
[0.694s] INFO:colcon.colcon_core.shell:Creating environment descriptor '/home/zuiken/Documents/ROS2_Navigation2_test/ros2_ws/install/base_driver/share/base_driver/hook/ament_prefix_path.dsv'
[0.696s] INFO:colcon.colcon_core.shell:Creating environment hook '/home/zuiken/Documents/ROS2_Navigation2_test/ros2_ws/install/base_driver/share/base_driver/hook/ament_prefix_path.sh'
[0.699s] INFO:colcon.colcon_core.shell:Skip shell extension 'powershell' for command environment: Not usable outside of PowerShell
[0.699s] DEBUG:colcon.colcon_core.shell:Skip shell extension 'dsv' for command environment
[1.185s] INFO:colcon.colcon_core.task.python.build:Building Python package in '/home/zuiken/Documents/ROS2_Navigation2_test/ros2_ws/src/base_driver'
[1.186s] INFO:colcon.colcon_core.shell:Skip shell extension 'powershell' for command environment: Not usable outside of PowerShell
[1.186s] DEBUG:colcon.colcon_core.shell:Skip shell extension 'dsv' for command environment
[2.901s] DEBUG:colcon.colcon_core.event_handler.log_command:Invoking command in '/home/zuiken/Documents/ROS2_Navigation2_test/ros2_ws/src/base_driver': DEBUGINFOD_URLS=https://debuginfod.ubuntu.com PYTHONPATH=/home/zuiken/Documents/ROS2_Navigation2_test/ros2_ws/build/base_driver/prefix_override:/usr/lib/python3/dist-packages/colcon_core/task/python/colcon_distutils_commands:/home/zuiken/Documents/ROS2_Navigation2_test/ros2_ws/install/base_driver/lib/python3.12/site-packages:${PYTHONPATH} /usr/bin/python3 -W ignore:setup.py install is deprecated -W ignore:easy_install command is deprecated setup.py egg_info --egg-base ../../build/base_driver build --build-base /home/zuiken/Documents/ROS2_Navigation2_test/ros2_ws/build/base_driver/build install --record /home/zuiken/Documents/ROS2_Navigation2_test/ros2_ws/build/base_driver/install.log --single-version-externally-managed install_data
[4.024s] DEBUG:colcon.colcon_core.event_handler.log_command:Invoked command in '/home/zuiken/Documents/ROS2_Navigation2_test/ros2_ws/src/base_driver' returned '0': DEBUGINFOD_URLS=https://debuginfod.ubuntu.com PYTHONPATH=/home/zuiken/Documents/ROS2_Navigation2_test/ros2_ws/build/base_driver/prefix_override:/usr/lib/python3/dist-packages/colcon_core/task/python/colcon_distutils_commands:/home/zuiken/Documents/ROS2_Navigation2_test/ros2_ws/install/base_driver/lib/python3.12/site-packages:${PYTHONPATH} /usr/bin/python3 -W ignore:setup.py install is deprecated -W ignore:easy_install command is deprecated setup.py egg_info --egg-base ../../build/base_driver build --build-base /home/zuiken/Documents/ROS2_Navigation2_test/ros2_ws/build/base_driver/build install --record /home/zuiken/Documents/ROS2_Navigation2_test/ros2_ws/build/base_driver/install.log --single-version-externally-managed install_data
[4.038s] Level 1:colcon.colcon_core.environment:checking '/home/zuiken/Documents/ROS2_Navigation2_test/ros2_ws/install/base_driver' for CMake module files
[4.039s] Level 1:colcon.colcon_core.environment:checking '/home/zuiken/Documents/ROS2_Navigation2_test/ros2_ws/install/base_driver' for CMake config files
[4.040s] Level 1:colcon.colcon_core.environment:checking '/home/zuiken/Documents/ROS2_Navigation2_test/ros2_ws/install/base_driver/lib'
[4.041s] Level 1:colcon.colcon_core.environment:checking '/home/zuiken/Documents/ROS2_Navigation2_test/ros2_ws/install/base_driver/bin'
[4.041s] Level 1:colcon.colcon_core.environment:checking '/home/zuiken/Documents/ROS2_Navigation2_test/ros2_ws/install/base_driver/lib/pkgconfig/base_driver.pc'
[4.041s] Level 1:colcon.colcon_core.environment:checking '/home/zuiken/Documents/ROS2_Navigation2_test/ros2_ws/install/base_driver/lib/python3.12/site-packages'
[4.041s] Level 1:colcon.colcon_core.shell:create_environment_hook('base_driver', 'pythonpath')
[4.041s] INFO:colcon.colcon_core.shell:Creating environment hook '/home/zuiken/Documents/ROS2_Navigation2_test/ros2_ws/install/base_driver/share/base_driver/hook/pythonpath.ps1'
[4.042s] INFO:colcon.colcon_core.shell:Creating environment descriptor '/home/zuiken/Documents/ROS2_Navigation2_test/ros2_ws/install/base_driver/share/base_driver/hook/pythonpath.dsv'
[4.043s] INFO:colcon.colcon_core.shell:Creating environment hook '/home/zuiken/Documents/ROS2_Navigation2_test/ros2_ws/install/base_driver/share/base_driver/hook/pythonpath.sh'
[4.044s] Level 1:colcon.colcon_core.environment:checking '/home/zuiken/Documents/ROS2_Navigation2_test/ros2_ws/install/base_driver/bin'
[4.044s] Level 1:colcon.colcon_core.environment:create_environment_scripts_only(base_driver)
[4.044s] INFO:colcon.colcon_core.shell:Creating package script '/home/zuiken/Documents/ROS2_Navigation2_test/ros2_ws/install/base_driver/share/base_driver/package.ps1'
[4.047s] INFO:colcon.colcon_core.shell:Creating package descriptor '/home/zuiken/Documents/ROS2_Navigation2_test/ros2_ws/install/base_driver/share/base_driver/package.dsv'
[4.052s] INFO:colcon.colcon_core.shell:Creating package script '/home/zuiken/Documents/ROS2_Navigation2_test/ros2_ws/install/base_driver/share/base_driver/package.sh'
[4.053s] INFO:colcon.colcon_core.shell:Creating package script '/home/zuiken/Documents/ROS2_Navigation2_test/ros2_ws/install/base_driver/share/base_driver/package.bash'
[4.092s] INFO:colcon.colcon_core.shell:Creating package script '/home/zuiken/Documents/ROS2_Navigation2_test/ros2_ws/install/base_driver/share/base_driver/package.zsh'
[4.098s] Level 1:colcon.colcon_core.environment:create_file_with_runtime_dependencies(/home/zuiken/Documents/ROS2_Navigation2_test/ros2_ws/install/base_driver/share/colcon-core/packages/base_driver)
[4.101s] DEBUG:colcon.colcon_parallel_executor.executor.parallel:closing loop
[4.101s] DEBUG:colcon.colcon_parallel_executor.executor.parallel:loop closed
[4.102s] DEBUG:colcon.colcon_parallel_executor.executor.parallel:run_until_complete finished with '0'
[4.103s] DEBUG:colcon.colcon_core.event_reactor:joining thread
[4.131s] INFO:colcon.colcon_core.plugin_system:Skipping extension 'colcon_notification.desktop_notification.terminal_notifier': Not used on non-Darwin systems
[4.132s] INFO:colcon.colcon_core.plugin_system:Skipping extension 'colcon_notification.desktop_notification.win32': Not used on non-Windows systems
[4.132s] INFO:colcon.colcon_notification.desktop_notification:Sending desktop notification using 'notify2'
[4.211s] DEBUG:colcon.colcon_core.event_reactor:joined thread
[4.212s] INFO:colcon.colcon_core.shell:Creating prefix script '/home/zuiken/Documents/ROS2_Navigation2_test/ros2_ws/install/local_setup.ps1'
[4.214s] INFO:colcon.colcon_core.shell:Creating prefix util module '/home/zuiken/Documents/ROS2_Navigation2_test/ros2_ws/install/_local_setup_util_ps1.py'
[4.217s] INFO:colcon.colcon_core.shell:Creating prefix chain script '/home/zuiken/Documents/ROS2_Navigation2_test/ros2_ws/install/setup.ps1'
[4.220s] INFO:colcon.colcon_core.shell:Creating prefix script '/home/zuiken/Documents/ROS2_Navigation2_test/ros2_ws/install/local_setup.sh'
[4.225s] INFO:colcon.colcon_core.shell:Creating prefix util module '/home/zuiken/Documents/ROS2_Navigation2_test/ros2_ws/install/_local_setup_util_sh.py'
[4.226s] INFO:colcon.colcon_core.shell:Creating prefix chain script '/home/zuiken/Documents/ROS2_Navigation2_test/ros2_ws/install/setup.sh'
[4.229s] INFO:colcon.colcon_core.shell:Creating prefix script '/home/zuiken/Documents/ROS2_Navigation2_test/ros2_ws/install/local_setup.bash'
[4.230s] INFO:colcon.colcon_core.shell:Creating prefix chain script '/home/zuiken/Documents/ROS2_Navigation2_test/ros2_ws/install/setup.bash'
[4.233s] INFO:colcon.colcon_core.shell:Creating prefix script '/home/zuiken/Documents/ROS2_Navigation2_test/ros2_ws/install/local_setup.zsh'
[4.235s] INFO:colcon.colcon_core.shell:Creating prefix chain script '/home/zuiken/Documents/ROS2_Navigation2_test/ros2_ws/install/setup.zsh'
