[1.702s] Invoking command in '/home/zuiken/Documents/ROS2_Navigation2_test/ros2_ws/src/base_driver': DEBUGINFOD_URLS=https://debuginfod.ubuntu.com PYTHONPATH=/home/zuiken/Documents/ROS2_Navigation2_test/build/base_driver/prefix_override:/usr/lib/python3/dist-packages/colcon_core/task/python/colcon_distutils_commands:/home/zuiken/Documents/ROS2_Navigation2_test/install/base_driver/lib/python3.12/site-packages:${PYTHONPATH} /usr/bin/python3 -W ignore:setup.py install is deprecated -W ignore:easy_install command is deprecated setup.py egg_info --egg-base ../../../build/base_driver build --build-base /home/zuiken/Documents/ROS2_Navigation2_test/build/base_driver/build install --record /home/zuiken/Documents/ROS2_Navigation2_test/build/base_driver/install.log --single-version-externally-managed install_data
[2.208s] running egg_info
[2.252s] writing ../../../build/base_driver/base_driver.egg-info/PKG-INFO
[2.253s] writing dependency_links to ../../../build/base_driver/base_driver.egg-info/dependency_links.txt
[2.253s] writing entry points to ../../../build/base_driver/base_driver.egg-info/entry_points.txt
[2.254s] writing requirements to ../../../build/base_driver/base_driver.egg-info/requires.txt
[2.255s] writing top-level names to ../../../build/base_driver/base_driver.egg-info/top_level.txt
[2.335s] reading manifest file '../../../build/base_driver/base_driver.egg-info/SOURCES.txt'
[2.336s] writing manifest file '../../../build/base_driver/base_driver.egg-info/SOURCES.txt'
[2.337s] running build
[2.337s] running build_py
[2.337s] running install
[2.350s] running install_lib
[2.390s] running install_data
[2.390s] copying launch/base_driver.launch.py -> /home/zuiken/Documents/ROS2_Navigation2_test/install/base_driver/share/base_driver/launch
[2.391s] running install_egg_info
[2.434s] removing '/home/zuiken/Documents/ROS2_Navigation2_test/install/base_driver/lib/python3.12/site-packages/base_driver-0.0.0-py3.12.egg-info' (and everything under it)
[2.435s] Copying ../../../build/base_driver/base_driver.egg-info to /home/zuiken/Documents/ROS2_Navigation2_test/install/base_driver/lib/python3.12/site-packages/base_driver-0.0.0-py3.12.egg-info
[2.436s] running install_scripts
[2.702s] Installing base_driver script to /home/zuiken/Documents/ROS2_Navigation2_test/install/base_driver/lib/base_driver
[2.702s] Installing encoder_odom script to /home/zuiken/Documents/ROS2_Navigation2_test/install/base_driver/lib/base_driver
[2.703s] Installing static_tf_pub script to /home/zuiken/Documents/ROS2_Navigation2_test/install/base_driver/lib/base_driver
[2.703s] Installing web_dashboard script to /home/zuiken/Documents/ROS2_Navigation2_test/install/base_driver/lib/base_driver
[2.704s] writing list of installed files to '/home/zuiken/Documents/ROS2_Navigation2_test/build/base_driver/install.log'
[2.802s] Invoked command in '/home/zuiken/Documents/ROS2_Navigation2_test/ros2_ws/src/base_driver' returned '0': DEBUGINFOD_URLS=https://debuginfod.ubuntu.com PYTHONPATH=/home/zuiken/Documents/ROS2_Navigation2_test/build/base_driver/prefix_override:/usr/lib/python3/dist-packages/colcon_core/task/python/colcon_distutils_commands:/home/zuiken/Documents/ROS2_Navigation2_test/install/base_driver/lib/python3.12/site-packages:${PYTHONPATH} /usr/bin/python3 -W ignore:setup.py install is deprecated -W ignore:easy_install command is deprecated setup.py egg_info --egg-base ../../../build/base_driver build --build-base /home/zuiken/Documents/ROS2_Navigation2_test/build/base_driver/build install --record /home/zuiken/Documents/ROS2_Navigation2_test/build/base_driver/install.log --single-version-externally-managed install_data
